服务已启动,启动时间是 2020-05-12, 4:31:16
调用了queryStudents接口,调用时间是2020-05-12, 4:31:21
调用了queryStudents接口,调用时间是2020-05-12, 4:32:13
调用了queryStudents接口,调用时间是2020-05-12, 4:39:16
调用了queryStudents接口,调用时间是2020-05-12, 4:41:00
调用了queryStudents接口,调用时间是2020-05-12, 4:41:37
调用了queryStudents接口,调用时间是2020-05-12, 4:42:01
调用了queryStudents接口,调用时间是2020-05-12, 4:42:10
调用了queryStudents接口,调用时间是2020-05-12, 4:42:27
调用了queryStudents接口,调用时间是2020-05-12, 4:42:29
调用了queryStudents接口,调用时间是2020-05-12, 4:42:42
调用了queryStudents接口,调用时间是2020-05-12, 4:42:44
调用了queryStudents接口,调用时间是2020-05-12, 4:42:48
调用了queryStudents接口,调用时间是2020-05-12, 4:43:03
调用了queryStudents接口,调用时间是2020-05-12, 4:44:40
调用了queryStudents接口,调用时间是2020-05-12, 4:45:24
调用了queryStudents接口,调用时间是2020-05-12, 4:52:31
服务已启动,启动时间是 2020-05-12, 4:58:32
调用了queryStudents接口,调用时间是2020-05-12, 5:01:48
调用了queryStudents接口,调用时间是2020-05-12, 5:02:04
调用了queryStudents接口,调用时间是2020-05-12, 5:02:21
调用了queryStudents接口,调用时间是2020-05-12, 5:02:54
调用了queryStudents接口,调用时间是2020-05-12, 5:02:57
调用了queryStudents接口,调用时间是2020-05-12, 5:02:58
调用了queryStudents接口,调用时间是2020-05-12, 5:03:05
调用了queryStudents接口,调用时间是2020-05-12, 5:03:21
调用了queryStudents接口,调用时间是2020-05-12, 5:03:24
调用了queryStudents接口,调用时间是2020-05-12, 5:04:14
调用了queryStudents接口,调用时间是2020-05-12, 5:04:23
调用了queryStudents接口,调用时间是2020-05-12, 5:04:38
调用了queryStudents接口,调用时间是2020-05-12, 5:05:33
调用了queryStudents接口,调用时间是2020-05-12, 5:05:40
调用了queryStudents接口,调用时间是2020-05-12, 5:05:54
调用了queryStudents接口,调用时间是2020-05-12, 5:06:02
调用了queryStudents接口,调用时间是2020-05-12, 5:07:25
调用了queryStudents接口,调用时间是2020-05-12, 5:07:45
调用了queryStudents接口,调用时间是2020-05-12, 5:07:53
调用了queryStudents接口,调用时间是2020-05-12, 5:09:15
调用了queryStudents接口,调用时间是2020-05-12, 5:09:19
调用了queryStudents接口,调用时间是2020-05-12, 5:10:10
调用了queryStudents接口,调用时间是2020-05-12, 5:10:15
调用了queryStudents接口,调用时间是2020-05-12, 5:10:18
调用了queryStudents接口,调用时间是2020-05-12, 5:10:28
调用了queryStudents接口,调用时间是2020-05-12, 5:11:27
服务已启动,启动时间是 2020-05-12, 5:28:45
服务已启动,启动时间是 2020-05-12, 5:28:49
调用了queryStudents接口,调用时间是2020-05-12, 5:29:09
服务已启动,启动时间是 2020-05-12, 5:29:37
调用了queryStudents接口,调用时间是2020-05-12, 5:29:39
服务已启动,启动时间是 2020-05-12, 5:30:44
调用了queryStudents接口,调用时间是2020-05-12, 5:30:45
服务已启动,启动时间是 2020-05-12, 5:31:47
调用了queryStudents接口,调用时间是2020-05-12, 5:31:48
服务已启动,启动时间是 2020-05-12, 5:35:39
调用了queryStudents接口,调用时间是2020-05-12, 5:35:40
服务已启动,启动时间是 2020-05-12, 5:36:56
调用了queryStudents接口,调用时间是2020-05-12, 5:36:57
服务已启动,启动时间是 2020-05-12, 5:37:22
调用了queryStudents接口,调用时间是2020-05-12, 5:37:24
服务已启动,启动时间是 2020-05-12, 5:38:02
调用了queryStudents接口,调用时间是2020-05-12, 5:38:04
服务已启动,启动时间是 2020-05-12, 5:38:26
调用了queryStudents接口,调用时间是2020-05-12, 5:38:28
服务已启动,启动时间是 2020-05-12, 5:39:47
调用了queryStudents接口,调用时间是2020-05-12, 5:39:48
服务已启动,启动时间是 2020-05-12, 5:40:21
调用了queryStudents接口,调用时间是2020-05-12, 5:40:22
服务已启动,启动时间是 2020-05-12, 5:40:32
调用了queryStudents接口,调用时间是2020-05-12, 5:40:34
调用了queryStudents接口,调用时间是2020-05-12, 5:41:03
服务已启动,启动时间是 2020-05-12, 5:41:41
调用了queryStudents接口,调用时间是2020-05-12, 5:41:42
服务已启动,启动时间是 2020-05-12, 5:42:16
调用了queryStudents接口,调用时间是2020-05-12, 5:42:17
调用了queryStudents接口,调用时间是2020-05-12, 5:42:32
调用了queryStudents接口,调用时间是2020-05-12, 5:42:42
服务已启动,启动时间是 2020-05-12, 5:42:59
服务已启动,启动时间是 2020-05-12, 5:46:38
调用了queryStudents接口,调用时间是2020-05-12, 5:46:40
服务已启动,启动时间是 2020-05-12, 5:47:04
调用了queryStudents接口,调用时间是2020-05-12, 5:47:05
服务已启动,启动时间是 2020-05-12, 5:47:46
调用了queryStudents接口,调用时间是2020-05-12, 5:47:48
服务已启动,启动时间是 2020-05-12, 5:48:07
调用了queryStudents接口,调用时间是2020-05-12, 5:48:10
调用了queryStudents接口,调用时间是2020-05-12, 5:48:18
服务已启动,启动时间是 2020-05-12, 5:48:20
调用了queryStudents接口,调用时间是2020-05-12, 5:48:22
服务已启动,启动时间是 2020-05-12, 5:51:53
调用了queryStudents接口,调用时间是2020-05-12, 5:51:55
服务已启动,启动时间是 2020-05-12, 5:52:13
调用了queryStudents接口,调用时间是2020-05-12, 5:52:14
服务已启动,启动时间是 2020-05-12, 5:52:29
调用了queryStudents接口,调用时间是2020-05-12, 5:52:30
服务已启动,启动时间是 2020-05-12, 5:53:35
调用了queryStudents接口,调用时间是2020-05-12, 5:53:36
调用了queryStudents接口,调用时间是2020-05-12, 5:53:58
服务已启动,启动时间是 2020-05-12, 5:54:52
调用了queryStudents接口,调用时间是2020-05-12, 5:54:55
服务已启动,启动时间是 2020-05-12, 5:55:14
调用了queryStudents接口,调用时间是2020-05-12, 5:55:15
服务已启动,启动时间是 2020-05-12, 5:55:53
调用了queryStudents接口,调用时间是2020-05-12, 5:55:54
服务已启动,启动时间是 2020-05-12, 5:57:02
调用了queryStudents接口,调用时间是2020-05-12, 5:57:03
服务已启动,启动时间是 2020-05-12, 5:58:00
调用了queryStudents接口,调用时间是2020-05-12, 5:58:01
服务已启动,启动时间是 2020-05-12, 5:58:43
调用了queryStudents接口,调用时间是2020-05-12, 5:58:44
服务已启动,启动时间是 2020-05-12, 6:00:33
调用了queryStudents接口,调用时间是2020-05-12, 6:00:34
服务已启动,启动时间是 2020-05-12, 6:01:12
调用了queryStudents接口,调用时间是2020-05-12, 6:01:15
服务已启动,启动时间是 2020-05-12, 6:02:07
调用了queryStudents接口,调用时间是2020-05-12, 6:02:08
服务已启动,启动时间是 2020-05-12, 6:02:48
调用了queryStudents接口,调用时间是2020-05-12, 6:02:50
服务已启动,启动时间是 2020-05-12, 6:03:05
调用了queryStudents接口,调用时间是2020-05-12, 6:03:06
服务已启动,启动时间是 2020-05-12, 6:07:54
调用了queryStudents接口,调用时间是2020-05-12, 6:07:56
服务已启动,启动时间是 2020-05-12, 6:08:14
调用了queryStudents接口,调用时间是2020-05-12, 6:08:15
服务已启动,启动时间是 2020-05-12, 6:09:29
调用了queryStudents接口,调用时间是2020-05-12, 6:09:31
服务已启动,启动时间是 2020-05-12, 6:10:51
调用了queryStudents接口,调用时间是2020-05-12, 6:10:55
服务已启动,启动时间是 2020-05-12, 6:11:12
调用了queryStudents接口,调用时间是2020-05-12, 6:11:14
服务已启动,启动时间是 2020-05-12, 6:11:30
调用了queryStudents接口,调用时间是2020-05-12, 6:11:32
服务已启动,启动时间是 2020-05-12, 6:11:55
调用了queryStudents接口,调用时间是2020-05-12, 6:11:56
服务已启动,启动时间是 2020-05-12, 6:13:49
调用了queryStudents接口,调用时间是2020-05-12, 6:13:50
服务已启动,启动时间是 2020-05-12, 6:14:25
调用了queryStudents接口,调用时间是2020-05-12, 6:14:29
服务已启动,启动时间是 2020-05-12, 6:14:49
调用了queryStudents接口,调用时间是2020-05-12, 6:14:50
服务已启动,启动时间是 2020-05-12, 6:15:14
服务已启动,启动时间是 2020-05-12, 6:15:24
调用了queryStudents接口,调用时间是2020-05-12, 6:15:25
服务已启动,启动时间是 2020-05-12, 6:15:42
调用了queryStudents接口,调用时间是2020-05-12, 6:15:44
服务已启动,启动时间是 2020-05-12, 6:16:48
调用了queryStudents接口,调用时间是2020-05-12, 6:16:49
服务已启动,启动时间是 2020-05-12, 6:18:06
调用了queryStudents接口,调用时间是2020-05-12, 6:18:08
服务已启动,启动时间是 2020-05-12, 6:18:41
调用了queryStudents接口,调用时间是2020-05-12, 6:18:43
服务已启动,启动时间是 2020-05-12, 6:19:43
调用了queryStudents接口,调用时间是2020-05-12, 6:19:44
服务已启动,启动时间是 2020-05-12, 6:29:18
调用了queryStudents接口,调用时间是2020-05-12, 6:29:20
服务已启动,启动时间是 2020-05-12, 6:29:38
调用了queryStudents接口,调用时间是2020-05-12, 6:29:39
服务已启动,启动时间是 2020-05-12, 6:30:53
调用了queryStudents接口,调用时间是2020-05-12, 6:30:58
调用了queryStudents接口,调用时间是2020-05-12, 9:04:52
调用了queryStudents接口,调用时间是2020-05-12, 9:04:59
调用了queryStudents接口,调用时间是2020-05-12, 9:05:02
调用了queryStudents接口,调用时间是2020-05-13, 9:28:56
调用了queryStudents接口,调用时间是2020-05-13, 9:45:26
调用了queryStudents接口,调用时间是2020-05-13, 9:45:35
服务已启动,启动时间是 2020-05-13, 9:53:33
调用了queryStudentsCount接口,调用时间是2020-05-13, 9:54:22
调用了queryStudentsCount接口,调用时间是2020-05-13, 9:55:27
服务已启动,启动时间是 2020-05-13, 9:57:01
调用了queryStudentsCount接口,调用时间是2020-05-13, 9:57:07
服务已启动,启动时间是 2020-05-13, 9:57:52
调用了queryStudentsCount接口,调用时间是2020-05-13, 9:57:55
服务已启动,启动时间是 2020-05-13, 9:58:07
调用了queryStudentsCount接口,调用时间是2020-05-13, 9:58:10
调用了queryStudentsCount接口,调用时间是2020-05-13, 9:58:31
调用了queryStudentsCount接口,调用时间是2020-05-13, 9:58:40
调用了queryStudentsCount接口,调用时间是2020-05-13, 10:00:23
调用了queryStudents接口,调用时间是2020-05-13, 10:00:35
调用了queryStudents接口,调用时间是2020-05-13, 10:01:59
调用了queryStudentsCount接口,调用时间是2020-05-13, 10:01:59
调用了queryStudents接口,调用时间是2020-05-13, 10:02:10
调用了queryStudentsCount接口,调用时间是2020-05-13, 10:02:10
调用了queryStudents接口,调用时间是2020-05-13, 10:04:14
调用了queryStudentsCount接口,调用时间是2020-05-13, 10:04:14
调用了queryStudents接口,调用时间是2020-05-13, 10:04:42
调用了queryStudentsCount接口,调用时间是2020-05-13, 10:04:42
调用了queryStudents接口,调用时间是2020-05-13, 10:05:14
调用了queryStudentsCount接口,调用时间是2020-05-13, 10:05:14
调用了queryStudents接口,调用时间是2020-05-13, 10:05:17
调用了queryStudentsCount接口,调用时间是2020-05-13, 10:05:17
服务已启动,启动时间是 2020-05-13, 10:07:29
调用了queryStudents接口,调用时间是2020-05-13, 10:07:31
调用了queryStudentsCount接口,调用时间是2020-05-13, 10:07:31
调用了queryStudents接口,调用时间是2020-05-13, 10:07:36
调用了queryStudentsCount接口,调用时间是2020-05-13, 10:07:36
调用了queryStudents接口,调用时间是2020-05-13, 10:07:43
调用了queryStudentsCount接口,调用时间是2020-05-13, 10:07:43
调用了queryStudents接口,调用时间是2020-05-13, 10:07:52
调用了queryStudentsCount接口,调用时间是2020-05-13, 10:07:53
调用了queryStudents接口,调用时间是2020-05-13, 10:08:28
调用了queryStudentsCount接口,调用时间是2020-05-13, 10:08:28
调用了queryStudentsCount接口,调用时间是2020-05-13, 10:08:38
调用了queryStudents接口,调用时间是2020-05-13, 10:08:38
调用了queryStudents接口,调用时间是2020-05-13, 10:09:39
调用了queryStudentsCount接口,调用时间是2020-05-13, 10:09:39
调用了queryStudents接口,调用时间是2020-05-13, 10:15:32
调用了queryStudentsCount接口,调用时间是2020-05-13, 10:15:32
调用了queryStudents接口,调用时间是2020-05-13, 10:16:20
调用了queryStudentsCount接口,调用时间是2020-05-13, 10:16:20
调用了queryStudents接口,调用时间是2020-05-13, 10:16:38
调用了queryStudentsCount接口,调用时间是2020-05-13, 10:16:38
调用了queryStudents接口,调用时间是2020-05-13, 10:17:18
调用了queryStudentsCount接口,调用时间是2020-05-13, 10:17:18
调用了queryStudents接口,调用时间是2020-05-13, 10:17:30
调用了queryStudentsCount接口,调用时间是2020-05-13, 10:17:30
调用了queryStudents接口,调用时间是2020-05-13, 10:17:58
调用了queryStudentsCount接口,调用时间是2020-05-13, 10:17:58
调用了queryStudents接口,调用时间是2020-05-13, 10:18:25
调用了queryStudentsCount接口,调用时间是2020-05-13, 10:18:25
调用了queryStudents接口,调用时间是2020-05-13, 10:20:29
调用了queryStudentsCount接口,调用时间是2020-05-13, 10:20:29
调用了queryStudents接口,调用时间是2020-05-13, 10:20:44
调用了queryStudentsCount接口,调用时间是2020-05-13, 10:20:44
调用了queryStudents接口,调用时间是2020-05-13, 10:20:48
调用了queryStudentsCount接口,调用时间是2020-05-13, 10:20:48
调用了queryStudents接口,调用时间是2020-05-13, 10:20:56
调用了queryStudentsCount接口,调用时间是2020-05-13, 10:20:56
调用了queryStudents接口,调用时间是2020-05-13, 10:21:10
调用了queryStudentsCount接口,调用时间是2020-05-13, 10:21:10
调用了queryStudents接口,调用时间是2020-05-13, 10:21:24
调用了queryStudentsCount接口,调用时间是2020-05-13, 10:21:24
调用了queryStudents接口,调用时间是2020-05-13, 10:21:45
调用了queryStudentsCount接口,调用时间是2020-05-13, 10:21:45
调用了queryStudents接口,调用时间是2020-05-13, 10:24:01
调用了queryStudentsCount接口,调用时间是2020-05-13, 10:24:01
调用了queryStudents接口,调用时间是2020-05-13, 10:24:19
调用了queryStudentsCount接口,调用时间是2020-05-13, 10:24:19
调用了queryStudents接口,调用时间是2020-05-13, 10:24:23
调用了queryStudentsCount接口,调用时间是2020-05-13, 10:24:23
调用了queryStudents接口,调用时间是2020-05-13, 10:24:32
调用了queryStudentsCount接口,调用时间是2020-05-13, 10:24:32
调用了queryStudents接口,调用时间是2020-05-13, 10:24:50
调用了queryStudentsCount接口,调用时间是2020-05-13, 10:24:50
调用了queryStudents接口,调用时间是2020-05-13, 10:27:40
调用了queryStudentsCount接口,调用时间是2020-05-13, 10:27:40
调用了queryStudents接口,调用时间是2020-05-13, 10:29:27
调用了queryStudentsCount接口,调用时间是2020-05-13, 10:29:27
调用了queryStudents接口,调用时间是2020-05-13, 10:29:28
调用了queryStudentsCount接口,调用时间是2020-05-13, 10:29:28
调用了queryStudents接口,调用时间是2020-05-13, 10:29:29
调用了queryStudentsCount接口,调用时间是2020-05-13, 10:29:29
调用了queryStudents接口,调用时间是2020-05-13, 10:29:30
调用了queryStudentsCount接口,调用时间是2020-05-13, 10:29:30
调用了queryStudents接口,调用时间是2020-05-13, 10:29:30
调用了queryStudentsCount接口,调用时间是2020-05-13, 10:29:30
调用了queryStudents接口,调用时间是2020-05-13, 10:29:31
调用了queryStudentsCount接口,调用时间是2020-05-13, 10:29:31
调用了queryStudents接口,调用时间是2020-05-13, 10:29:32
调用了queryStudentsCount接口,调用时间是2020-05-13, 10:29:32
调用了queryStudents接口,调用时间是2020-05-13, 10:29:33
调用了queryStudentsCount接口,调用时间是2020-05-13, 10:29:33
调用了queryStudents接口,调用时间是2020-05-13, 10:29:33
调用了queryStudentsCount接口,调用时间是2020-05-13, 10:29:33
调用了queryStudents接口,调用时间是2020-05-13, 10:29:36
调用了queryStudentsCount接口,调用时间是2020-05-13, 10:29:36
调用了queryStudents接口,调用时间是2020-05-13, 10:29:37
调用了queryStudentsCount接口,调用时间是2020-05-13, 10:29:37
调用了queryStudents接口,调用时间是2020-05-13, 10:29:38
调用了queryStudentsCount接口,调用时间是2020-05-13, 10:29:38
调用了queryStudents接口,调用时间是2020-05-13, 10:29:38
调用了queryStudentsCount接口,调用时间是2020-05-13, 10:29:38
调用了queryStudents接口,调用时间是2020-05-13, 10:29:39
调用了queryStudentsCount接口,调用时间是2020-05-13, 10:29:39
调用了queryStudents接口,调用时间是2020-05-13, 10:29:40
调用了queryStudentsCount接口,调用时间是2020-05-13, 10:29:40
调用了queryStudents接口,调用时间是2020-05-13, 10:29:41
调用了queryStudentsCount接口,调用时间是2020-05-13, 10:29:41
调用了queryStudents接口,调用时间是2020-05-13, 10:30:15
调用了queryStudentsCount接口,调用时间是2020-05-13, 10:30:15
调用了queryStudents接口,调用时间是2020-05-13, 10:30:20
调用了queryStudentsCount接口,调用时间是2020-05-13, 10:30:20
调用了queryStudents接口,调用时间是2020-05-13, 10:30:37
调用了queryStudentsCount接口,调用时间是2020-05-13, 10:30:37
调用了queryStudents接口,调用时间是2020-05-13, 10:30:42
调用了queryStudentsCount接口,调用时间是2020-05-13, 10:30:42
调用了queryStudents接口,调用时间是2020-05-13, 10:35:43
调用了queryStudentsCount接口,调用时间是2020-05-13, 10:35:43
调用了queryStudents接口,调用时间是2020-05-13, 10:36:22
调用了queryStudentsCount接口,调用时间是2020-05-13, 10:36:22
调用了queryStudents接口,调用时间是2020-05-13, 10:36:26
调用了queryStudentsCount接口,调用时间是2020-05-13, 10:36:26
调用了queryStudents接口,调用时间是2020-05-13, 10:36:33
调用了queryStudentsCount接口,调用时间是2020-05-13, 10:36:33
调用了queryStudents接口,调用时间是2020-05-13, 10:36:55
调用了queryStudentsCount接口,调用时间是2020-05-13, 10:36:55
调用了queryStudents接口,调用时间是2020-05-13, 10:36:56
调用了queryStudentsCount接口,调用时间是2020-05-13, 10:36:56
调用了queryStudents接口,调用时间是2020-05-13, 10:37:01
调用了queryStudentsCount接口,调用时间是2020-05-13, 10:37:01
调用了queryStudents接口,调用时间是2020-05-13, 10:37:01
调用了queryStudentsCount接口,调用时间是2020-05-13, 10:37:01
调用了queryStudents接口,调用时间是2020-05-13, 10:37:03
调用了queryStudentsCount接口,调用时间是2020-05-13, 10:37:03
调用了queryStudents接口,调用时间是2020-05-13, 10:37:06
调用了queryStudentsCount接口,调用时间是2020-05-13, 10:37:06
调用了queryStudents接口,调用时间是2020-05-13, 10:37:10
调用了queryStudentsCount接口,调用时间是2020-05-13, 10:37:10
调用了queryStudents接口,调用时间是2020-05-13, 10:39:04
调用了queryStudentsCount接口,调用时间是2020-05-13, 10:39:04
调用了queryStudents接口,调用时间是2020-05-13, 10:39:37
调用了queryStudentsCount接口,调用时间是2020-05-13, 10:39:37
调用了queryStudents接口,调用时间是2020-05-13, 10:39:45
调用了queryStudentsCount接口,调用时间是2020-05-13, 10:39:45
调用了queryStudents接口,调用时间是2020-05-13, 10:39:46
调用了queryStudentsCount接口,调用时间是2020-05-13, 10:39:46
调用了queryStudents接口,调用时间是2020-05-13, 10:39:47
调用了queryStudentsCount接口,调用时间是2020-05-13, 10:39:47
调用了queryStudents接口,调用时间是2020-05-13, 10:39:48
调用了queryStudentsCount接口,调用时间是2020-05-13, 10:39:48
调用了queryStudents接口,调用时间是2020-05-13, 10:39:49
调用了queryStudentsCount接口,调用时间是2020-05-13, 10:39:49
调用了queryStudents接口,调用时间是2020-05-13, 10:39:50
调用了queryStudentsCount接口,调用时间是2020-05-13, 10:39:50
调用了queryStudents接口,调用时间是2020-05-13, 10:39:51
调用了queryStudentsCount接口,调用时间是2020-05-13, 10:39:51
调用了queryStudents接口,调用时间是2020-05-13, 10:39:52
调用了queryStudentsCount接口,调用时间是2020-05-13, 10:39:52
调用了queryStudents接口,调用时间是2020-05-13, 10:39:53
调用了queryStudentsCount接口,调用时间是2020-05-13, 10:39:53
调用了queryStudents接口,调用时间是2020-05-13, 10:42:06
调用了queryStudentsCount接口,调用时间是2020-05-13, 10:42:06
调用了queryStudents接口,调用时间是2020-05-13, 10:42:37
调用了queryStudentsCount接口,调用时间是2020-05-13, 10:42:37
调用了queryStudents接口,调用时间是2020-05-13, 10:43:10
调用了queryStudentsCount接口,调用时间是2020-05-13, 10:43:10
调用了queryStudents接口,调用时间是2020-05-13, 10:43:44
调用了queryStudentsCount接口,调用时间是2020-05-13, 10:43:44
调用了queryStudents接口,调用时间是2020-05-13, 10:44:49
调用了queryStudentsCount接口,调用时间是2020-05-13, 10:44:49
调用了queryStudents接口,调用时间是2020-05-13, 10:45:21
调用了queryStudentsCount接口,调用时间是2020-05-13, 10:45:21
调用了queryStudents接口,调用时间是2020-05-13, 10:47:05
调用了queryStudentsCount接口,调用时间是2020-05-13, 10:47:05
调用了queryStudents接口,调用时间是2020-05-13, 10:47:06
调用了queryStudentsCount接口,调用时间是2020-05-13, 10:47:06
调用了queryStudents接口,调用时间是2020-05-13, 10:47:09
调用了queryStudentsCount接口,调用时间是2020-05-13, 10:47:09
调用了queryStudents接口,调用时间是2020-05-13, 10:47:11
调用了queryStudentsCount接口,调用时间是2020-05-13, 10:47:11
调用了queryStudents接口,调用时间是2020-05-13, 10:47:14
调用了queryStudentsCount接口,调用时间是2020-05-13, 10:47:14
调用了queryStudents接口,调用时间是2020-05-13, 10:47:21
调用了queryStudentsCount接口,调用时间是2020-05-13, 10:47:21
调用了queryStudents接口,调用时间是2020-05-13, 10:47:32
调用了queryStudentsCount接口,调用时间是2020-05-13, 10:47:32
调用了queryStudents接口,调用时间是2020-05-13, 10:47:36
调用了queryStudentsCount接口,调用时间是2020-05-13, 10:47:36
调用了queryStudents接口,调用时间是2020-05-13, 10:47:39
调用了queryStudentsCount接口,调用时间是2020-05-13, 10:47:39
调用了queryStudents接口,调用时间是2020-05-13, 10:49:28
调用了queryStudentsCount接口,调用时间是2020-05-13, 10:49:28
调用了queryStudents接口,调用时间是2020-05-13, 10:49:28
调用了queryStudentsCount接口,调用时间是2020-05-13, 10:49:28
调用了queryStudents接口,调用时间是2020-05-13, 10:49:29
调用了queryStudentsCount接口,调用时间是2020-05-13, 10:49:29
调用了queryStudents接口,调用时间是2020-05-13, 10:49:30
调用了queryStudentsCount接口,调用时间是2020-05-13, 10:49:30
调用了queryStudents接口,调用时间是2020-05-13, 10:49:30
调用了queryStudentsCount接口,调用时间是2020-05-13, 10:49:30
调用了queryStudents接口,调用时间是2020-05-13, 10:49:31
调用了queryStudentsCount接口,调用时间是2020-05-13, 10:49:31
调用了queryStudents接口,调用时间是2020-05-13, 10:49:31
调用了queryStudentsCount接口,调用时间是2020-05-13, 10:49:31
调用了queryStudents接口,调用时间是2020-05-13, 10:49:32
调用了queryStudentsCount接口,调用时间是2020-05-13, 10:49:32
调用了queryStudents接口,调用时间是2020-05-13, 10:49:32
调用了queryStudentsCount接口,调用时间是2020-05-13, 10:49:32
调用了queryStudents接口,调用时间是2020-05-13, 10:49:33
调用了queryStudentsCount接口,调用时间是2020-05-13, 10:49:33
调用了queryStudents接口,调用时间是2020-05-13, 10:49:33
调用了queryStudentsCount接口,调用时间是2020-05-13, 10:49:33
调用了queryStudents接口,调用时间是2020-05-13, 10:49:34
调用了queryStudentsCount接口,调用时间是2020-05-13, 10:49:34
调用了queryStudents接口,调用时间是2020-05-13, 10:50:31
调用了queryStudentsCount接口,调用时间是2020-05-13, 10:50:31
调用了queryStudents接口,调用时间是2020-05-13, 10:50:31
调用了queryStudentsCount接口,调用时间是2020-05-13, 10:50:31
调用了queryStudents接口,调用时间是2020-05-13, 10:50:31
调用了queryStudentsCount接口,调用时间是2020-05-13, 10:50:31
调用了queryStudents接口,调用时间是2020-05-13, 10:50:31
调用了queryStudentsCount接口,调用时间是2020-05-13, 10:50:31
调用了queryStudents接口,调用时间是2020-05-13, 10:50:31
调用了queryStudentsCount接口,调用时间是2020-05-13, 10:50:31
调用了queryStudents接口,调用时间是2020-05-13, 10:50:31
调用了queryStudentsCount接口,调用时间是2020-05-13, 10:50:31
调用了queryStudents接口,调用时间是2020-05-13, 10:50:44
调用了queryStudentsCount接口,调用时间是2020-05-13, 10:50:44
调用了queryStudents接口,调用时间是2020-05-13, 10:51:42
调用了queryStudentsCount接口,调用时间是2020-05-13, 10:51:42
调用了queryStudents接口,调用时间是2020-05-13, 10:51:49
调用了queryStudentsCount接口,调用时间是2020-05-13, 10:51:49
调用了queryStudents接口,调用时间是2020-05-13, 10:51:51
调用了queryStudentsCount接口,调用时间是2020-05-13, 10:51:51
调用了queryStudents接口,调用时间是2020-05-13, 10:52:17
调用了queryStudentsCount接口,调用时间是2020-05-13, 10:52:17
调用了queryStudents接口,调用时间是2020-05-13, 10:52:19
调用了queryStudentsCount接口,调用时间是2020-05-13, 10:52:19
调用了queryStudents接口,调用时间是2020-05-13, 10:52:19
调用了queryStudentsCount接口,调用时间是2020-05-13, 10:52:19
调用了queryStudents接口,调用时间是2020-05-13, 10:52:20
调用了queryStudentsCount接口,调用时间是2020-05-13, 10:52:20
调用了queryStudents接口,调用时间是2020-05-13, 10:52:26
调用了queryStudentsCount接口,调用时间是2020-05-13, 10:52:26
调用了queryStudents接口,调用时间是2020-05-13, 10:52:29
调用了queryStudentsCount接口,调用时间是2020-05-13, 10:52:29
调用了queryStudents接口,调用时间是2020-05-13, 10:52:30
调用了queryStudentsCount接口,调用时间是2020-05-13, 10:52:30
调用了queryStudents接口,调用时间是2020-05-13, 10:52:49
调用了queryStudentsCount接口,调用时间是2020-05-13, 10:52:49
调用了queryStudents接口,调用时间是2020-05-13, 10:52:55
调用了queryStudentsCount接口,调用时间是2020-05-13, 10:52:55
调用了queryStudents接口,调用时间是2020-05-13, 10:52:58
调用了queryStudentsCount接口,调用时间是2020-05-13, 10:52:58
调用了queryStudents接口,调用时间是2020-05-13, 10:52:59
调用了queryStudentsCount接口,调用时间是2020-05-13, 10:52:59
调用了queryStudents接口,调用时间是2020-05-13, 10:53:01
调用了queryStudentsCount接口,调用时间是2020-05-13, 10:53:01
调用了queryStudents接口,调用时间是2020-05-13, 10:53:01
调用了queryStudentsCount接口,调用时间是2020-05-13, 10:53:01
调用了queryStudents接口,调用时间是2020-05-13, 10:53:02
调用了queryStudentsCount接口,调用时间是2020-05-13, 10:53:02
调用了queryStudents接口,调用时间是2020-05-13, 10:53:03
调用了queryStudentsCount接口,调用时间是2020-05-13, 10:53:03
调用了queryStudents接口,调用时间是2020-05-13, 10:59:18
调用了queryStudentsCount接口,调用时间是2020-05-13, 10:59:18
调用了queryStudents接口,调用时间是2020-05-13, 10:59:55
调用了queryStudentsCount接口,调用时间是2020-05-13, 10:59:55
调用了queryStudents接口,调用时间是2020-05-13, 11:00:46
调用了queryStudentsCount接口,调用时间是2020-05-13, 11:00:46
调用了queryStudents接口,调用时间是2020-05-13, 11:00:53
调用了queryStudentsCount接口,调用时间是2020-05-13, 11:00:53
调用了queryStudents接口,调用时间是2020-05-13, 11:01:20
调用了queryStudentsCount接口,调用时间是2020-05-13, 11:01:20
调用了queryStudents接口,调用时间是2020-05-13, 11:02:16
调用了queryStudentsCount接口,调用时间是2020-05-13, 11:02:16
调用了queryStudents接口,调用时间是2020-05-13, 11:03:15
调用了queryStudentsCount接口,调用时间是2020-05-13, 11:03:15
调用了queryStudents接口,调用时间是2020-05-13, 11:03:26
调用了queryStudentsCount接口,调用时间是2020-05-13, 11:03:26
调用了queryStudents接口,调用时间是2020-05-13, 11:04:17
调用了queryStudentsCount接口,调用时间是2020-05-13, 11:04:17
调用了queryStudents接口,调用时间是2020-05-13, 11:04:18
调用了queryStudentsCount接口,调用时间是2020-05-13, 11:04:18
调用了queryStudents接口,调用时间是2020-05-13, 11:04:24
调用了queryStudentsCount接口,调用时间是2020-05-13, 11:04:24
调用了queryStudents接口,调用时间是2020-05-13, 11:04:28
调用了queryStudentsCount接口,调用时间是2020-05-13, 11:04:28
服务已启动,启动时间是 2020-05-13, 1:11:14
调用了queryStudents接口,调用时间是2020-05-13, 1:12:59
调用了queryStudentsCount接口,调用时间是2020-05-13, 1:12:59
调用了queryStudentsCount接口,调用时间是2020-05-13, 1:13:43
调用了queryStudents接口,调用时间是2020-05-13, 1:13:43
调用了queryStudents接口,调用时间是2020-05-13, 1:13:44
调用了queryStudentsCount接口,调用时间是2020-05-13, 1:13:44
调用了queryStudents接口,调用时间是2020-05-13, 1:13:44
调用了queryStudentsCount接口,调用时间是2020-05-13, 1:13:44
调用了queryStudents接口,调用时间是2020-05-13, 1:14:13
调用了queryStudentsCount接口,调用时间是2020-05-13, 1:14:13
调用了queryStudents接口,调用时间是2020-05-13, 1:14:55
调用了queryStudentsCount接口,调用时间是2020-05-13, 1:14:55
调用了queryStudents接口,调用时间是2020-05-13, 1:14:56
调用了queryStudentsCount接口,调用时间是2020-05-13, 1:14:56
调用了queryStudents接口,调用时间是2020-05-13, 1:14:56
调用了queryStudentsCount接口,调用时间是2020-05-13, 1:14:56
调用了queryStudents接口,调用时间是2020-05-13, 1:14:57
调用了queryStudentsCount接口,调用时间是2020-05-13, 1:14:57
调用了queryStudents接口,调用时间是2020-05-13, 1:14:58
调用了queryStudentsCount接口,调用时间是2020-05-13, 1:14:58
调用了queryStudents接口,调用时间是2020-05-13, 1:14:59
调用了queryStudentsCount接口,调用时间是2020-05-13, 1:14:59
调用了queryStudents接口,调用时间是2020-05-13, 1:14:59
调用了queryStudentsCount接口,调用时间是2020-05-13, 1:14:59
调用了queryStudents接口,调用时间是2020-05-13, 1:15:00
调用了queryStudentsCount接口,调用时间是2020-05-13, 1:15:00
调用了queryStudents接口,调用时间是2020-05-13, 1:15:00
调用了queryStudentsCount接口,调用时间是2020-05-13, 1:15:00
调用了queryStudents接口,调用时间是2020-05-13, 1:15:00
调用了queryStudentsCount接口,调用时间是2020-05-13, 1:15:00
调用了queryStudents接口,调用时间是2020-05-13, 1:15:00
调用了queryStudentsCount接口,调用时间是2020-05-13, 1:15:00
调用了queryStudents接口,调用时间是2020-05-13, 1:15:00
调用了queryStudentsCount接口,调用时间是2020-05-13, 1:15:00
调用了queryStudents接口,调用时间是2020-05-13, 1:16:19
调用了queryStudentsCount接口,调用时间是2020-05-13, 1:16:19
调用了queryStudents接口,调用时间是2020-05-13, 1:16:41
调用了queryStudentsCount接口,调用时间是2020-05-13, 1:16:41
调用了queryStudents接口,调用时间是2020-05-13, 1:16:48
调用了queryStudentsCount接口,调用时间是2020-05-13, 1:16:48
调用了queryStudents接口,调用时间是2020-05-13, 1:17:00
调用了queryStudentsCount接口,调用时间是2020-05-13, 1:17:00
调用了queryStudentsCount接口,调用时间是2020-05-13, 1:17:08
调用了queryStudents接口,调用时间是2020-05-13, 1:17:08
调用了queryStudents接口,调用时间是2020-05-13, 1:17:30
调用了queryStudentsCount接口,调用时间是2020-05-13, 1:17:30
调用了queryStudents接口,调用时间是2020-05-13, 1:17:52
调用了queryStudentsCount接口,调用时间是2020-05-13, 1:17:52
调用了queryStudents接口,调用时间是2020-05-13, 1:18:55
调用了queryStudentsCount接口,调用时间是2020-05-13, 1:18:55
调用了queryStudents接口,调用时间是2020-05-13, 1:19:30
调用了queryStudentsCount接口,调用时间是2020-05-13, 1:19:30
调用了queryStudents接口,调用时间是2020-05-13, 1:19:35
调用了queryStudentsCount接口,调用时间是2020-05-13, 1:19:35
调用了queryStudents接口,调用时间是2020-05-13, 1:19:40
调用了queryStudentsCount接口,调用时间是2020-05-13, 1:19:40
调用了queryStudents接口,调用时间是2020-05-13, 1:19:49
调用了queryStudentsCount接口,调用时间是2020-05-13, 1:19:49
调用了queryStudents接口,调用时间是2020-05-13, 1:19:52
调用了queryStudentsCount接口,调用时间是2020-05-13, 1:19:52
调用了queryStudents接口,调用时间是2020-05-13, 1:19:53
调用了queryStudentsCount接口,调用时间是2020-05-13, 1:19:53
调用了queryStudents接口,调用时间是2020-05-13, 1:19:55
调用了queryStudentsCount接口,调用时间是2020-05-13, 1:19:55
调用了queryStudents接口,调用时间是2020-05-13, 1:19:57
调用了queryStudentsCount接口,调用时间是2020-05-13, 1:19:57
调用了queryStudents接口,调用时间是2020-05-13, 1:20:05
调用了queryStudentsCount接口,调用时间是2020-05-13, 1:20:05
调用了queryStudents接口,调用时间是2020-05-13, 1:20:32
调用了queryStudentsCount接口,调用时间是2020-05-13, 1:20:32
调用了queryStudents接口,调用时间是2020-05-13, 1:20:44
调用了queryStudentsCount接口,调用时间是2020-05-13, 1:20:44
调用了queryStudents接口,调用时间是2020-05-13, 1:22:13
调用了queryStudentsCount接口,调用时间是2020-05-13, 1:22:13
调用了queryStudents接口,调用时间是2020-05-13, 1:22:14
调用了queryStudentsCount接口,调用时间是2020-05-13, 1:22:14
调用了queryStudents接口,调用时间是2020-05-13, 1:22:38
调用了queryStudentsCount接口,调用时间是2020-05-13, 1:22:38
调用了queryStudents接口,调用时间是2020-05-13, 1:22:43
调用了queryStudentsCount接口,调用时间是2020-05-13, 1:22:43
调用了queryStudents接口,调用时间是2020-05-13, 1:23:03
调用了queryStudentsCount接口,调用时间是2020-05-13, 1:23:03
调用了queryStudents接口,调用时间是2020-05-13, 1:24:19
调用了queryStudentsCount接口,调用时间是2020-05-13, 1:24:19
调用了queryStudents接口,调用时间是2020-05-13, 1:24:29
调用了queryStudentsCount接口,调用时间是2020-05-13, 1:24:29
调用了queryStudentsCount接口,调用时间是2020-05-13, 1:25:01
调用了queryStudents接口,调用时间是2020-05-13, 1:25:01
调用了queryStudents接口,调用时间是2020-05-13, 1:26:05
调用了queryStudentsCount接口,调用时间是2020-05-13, 1:26:05
调用了queryStudents接口,调用时间是2020-05-13, 1:26:18
调用了queryStudentsCount接口,调用时间是2020-05-13, 1:26:18
调用了queryStudents接口,调用时间是2020-05-13, 1:27:44
调用了queryStudentsCount接口,调用时间是2020-05-13, 1:27:44
调用了queryStudents接口,调用时间是2020-05-13, 1:28:27
调用了queryStudentsCount接口,调用时间是2020-05-13, 1:28:27
调用了queryStudents接口,调用时间是2020-05-13, 1:30:58
调用了queryStudentsCount接口,调用时间是2020-05-13, 1:30:58
调用了queryStudents接口,调用时间是2020-05-13, 1:34:35
调用了queryStudentsCount接口,调用时间是2020-05-13, 1:34:35
调用了queryStudents接口,调用时间是2020-05-13, 1:34:48
调用了queryStudentsCount接口,调用时间是2020-05-13, 1:34:48
调用了queryStudents接口,调用时间是2020-05-13, 1:34:50
调用了queryStudentsCount接口,调用时间是2020-05-13, 1:34:50
调用了queryStudents接口,调用时间是2020-05-13, 1:35:02
调用了queryStudentsCount接口,调用时间是2020-05-13, 1:35:02
调用了queryStudents接口,调用时间是2020-05-13, 1:35:08
调用了queryStudentsCount接口,调用时间是2020-05-13, 1:35:08
调用了queryStudents接口,调用时间是2020-05-13, 1:35:10
调用了queryStudentsCount接口,调用时间是2020-05-13, 1:35:10
调用了queryStudents接口,调用时间是2020-05-13, 1:35:11
调用了queryStudentsCount接口,调用时间是2020-05-13, 1:35:11
调用了queryStudents接口,调用时间是2020-05-13, 1:35:12
调用了queryStudentsCount接口,调用时间是2020-05-13, 1:35:12
调用了queryStudents接口,调用时间是2020-05-13, 1:35:14
调用了queryStudentsCount接口,调用时间是2020-05-13, 1:35:14
调用了queryStudents接口,调用时间是2020-05-13, 1:36:43
调用了queryStudentsCount接口,调用时间是2020-05-13, 1:36:43
调用了queryStudents接口,调用时间是2020-05-13, 1:36:44
调用了queryStudentsCount接口,调用时间是2020-05-13, 1:36:44
调用了queryStudents接口,调用时间是2020-05-13, 1:36:46
调用了queryStudentsCount接口,调用时间是2020-05-13, 1:36:46
调用了queryStudents接口,调用时间是2020-05-13, 1:36:47
调用了queryStudentsCount接口,调用时间是2020-05-13, 1:36:47
调用了queryStudents接口,调用时间是2020-05-13, 1:37:31
调用了queryStudentsCount接口,调用时间是2020-05-13, 1:37:31
调用了queryStudents接口,调用时间是2020-05-13, 1:37:33
调用了queryStudentsCount接口,调用时间是2020-05-13, 1:37:33
调用了queryStudents接口,调用时间是2020-05-13, 1:38:11
调用了queryStudentsCount接口,调用时间是2020-05-13, 1:38:11
调用了queryStudents接口,调用时间是2020-05-13, 1:38:31
调用了queryStudentsCount接口,调用时间是2020-05-13, 1:38:31
调用了queryStudents接口,调用时间是2020-05-13, 1:38:33
调用了queryStudentsCount接口,调用时间是2020-05-13, 1:38:33
调用了queryStudents接口,调用时间是2020-05-13, 1:38:52
调用了queryStudentsCount接口,调用时间是2020-05-13, 1:38:52
调用了queryStudents接口,调用时间是2020-05-13, 1:40:09
调用了queryStudentsCount接口,调用时间是2020-05-13, 1:40:09
调用了queryStudents接口,调用时间是2020-05-13, 1:40:10
调用了queryStudentsCount接口,调用时间是2020-05-13, 1:40:10
调用了queryStudents接口,调用时间是2020-05-13, 1:40:26
调用了queryStudentsCount接口,调用时间是2020-05-13, 1:40:26
调用了queryStudents接口,调用时间是2020-05-13, 1:40:27
调用了queryStudentsCount接口,调用时间是2020-05-13, 1:40:27
调用了queryStudents接口,调用时间是2020-05-13, 1:40:33
调用了queryStudentsCount接口,调用时间是2020-05-13, 1:40:33
调用了queryStudents接口,调用时间是2020-05-13, 1:40:49
调用了queryStudentsCount接口,调用时间是2020-05-13, 1:40:49
调用了queryStudents接口,调用时间是2020-05-13, 1:40:54
调用了queryStudentsCount接口,调用时间是2020-05-13, 1:40:54
调用了queryStudents接口,调用时间是2020-05-13, 1:40:55
调用了queryStudentsCount接口,调用时间是2020-05-13, 1:40:55
调用了queryStudents接口,调用时间是2020-05-13, 1:40:55
调用了queryStudentsCount接口,调用时间是2020-05-13, 1:40:55
调用了queryStudents接口,调用时间是2020-05-13, 1:40:55
调用了queryStudentsCount接口,调用时间是2020-05-13, 1:40:55
调用了queryStudents接口,调用时间是2020-05-13, 1:40:55
调用了queryStudentsCount接口,调用时间是2020-05-13, 1:40:55
调用了queryStudents接口,调用时间是2020-05-13, 1:40:56
调用了queryStudentsCount接口,调用时间是2020-05-13, 1:40:56
调用了queryStudents接口,调用时间是2020-05-13, 1:40:56
调用了queryStudentsCount接口,调用时间是2020-05-13, 1:40:56
调用了queryStudents接口,调用时间是2020-05-13, 1:40:56
调用了queryStudentsCount接口,调用时间是2020-05-13, 1:40:56
调用了queryStudents接口,调用时间是2020-05-13, 1:40:56
调用了queryStudentsCount接口,调用时间是2020-05-13, 1:40:56
调用了queryStudents接口,调用时间是2020-05-13, 1:40:58
调用了queryStudentsCount接口,调用时间是2020-05-13, 1:40:58
调用了queryStudents接口,调用时间是2020-05-13, 1:40:59
调用了queryStudentsCount接口,调用时间是2020-05-13, 1:40:59
调用了queryStudents接口,调用时间是2020-05-13, 1:41:00
调用了queryStudentsCount接口,调用时间是2020-05-13, 1:41:00
调用了queryStudents接口,调用时间是2020-05-13, 1:41:01
调用了queryStudentsCount接口,调用时间是2020-05-13, 1:41:01
调用了queryStudents接口,调用时间是2020-05-13, 1:41:03
调用了queryStudentsCount接口,调用时间是2020-05-13, 1:41:03
调用了queryStudents接口,调用时间是2020-05-13, 1:41:04
调用了queryStudentsCount接口,调用时间是2020-05-13, 1:41:04
调用了queryStudents接口,调用时间是2020-05-13, 1:41:05
调用了queryStudentsCount接口,调用时间是2020-05-13, 1:41:05
调用了queryStudents接口,调用时间是2020-05-13, 1:41:05
调用了queryStudentsCount接口,调用时间是2020-05-13, 1:41:05
调用了queryStudents接口,调用时间是2020-05-13, 1:41:06
调用了queryStudentsCount接口,调用时间是2020-05-13, 1:41:06
调用了queryStudents接口,调用时间是2020-05-13, 1:42:24
调用了queryStudentsCount接口,调用时间是2020-05-13, 1:42:24
调用了queryStudents接口,调用时间是2020-05-13, 1:42:24
调用了queryStudentsCount接口,调用时间是2020-05-13, 1:42:24
调用了queryStudents接口,调用时间是2020-05-13, 1:42:26
调用了queryStudentsCount接口,调用时间是2020-05-13, 1:42:26
调用了queryStudents接口,调用时间是2020-05-13, 1:42:26
调用了queryStudentsCount接口,调用时间是2020-05-13, 1:42:26
调用了queryStudents接口,调用时间是2020-05-13, 1:42:27
调用了queryStudentsCount接口,调用时间是2020-05-13, 1:42:27
调用了queryStudents接口,调用时间是2020-05-13, 1:42:27
调用了queryStudentsCount接口,调用时间是2020-05-13, 1:42:27
调用了queryStudents接口,调用时间是2020-05-13, 1:42:27
调用了queryStudentsCount接口,调用时间是2020-05-13, 1:42:27
调用了queryStudents接口,调用时间是2020-05-13, 1:42:28
调用了queryStudentsCount接口,调用时间是2020-05-13, 1:42:28
调用了queryStudents接口,调用时间是2020-05-13, 1:42:28
调用了queryStudentsCount接口,调用时间是2020-05-13, 1:42:28
调用了queryStudents接口,调用时间是2020-05-13, 1:42:29
调用了queryStudentsCount接口,调用时间是2020-05-13, 1:42:29
调用了queryStudents接口,调用时间是2020-05-13, 1:42:30
调用了queryStudentsCount接口,调用时间是2020-05-13, 1:42:30
调用了queryStudents接口,调用时间是2020-05-13, 1:42:31
调用了queryStudentsCount接口,调用时间是2020-05-13, 1:42:31
调用了queryStudents接口,调用时间是2020-05-13, 1:42:33
调用了queryStudentsCount接口,调用时间是2020-05-13, 1:42:33
调用了queryStudents接口,调用时间是2020-05-13, 1:42:35
调用了queryStudentsCount接口,调用时间是2020-05-13, 1:42:35
调用了queryStudents接口,调用时间是2020-05-13, 1:42:36
调用了queryStudentsCount接口,调用时间是2020-05-13, 1:42:36
调用了queryStudents接口,调用时间是2020-05-13, 1:42:38
调用了queryStudentsCount接口,调用时间是2020-05-13, 1:42:38
调用了queryStudents接口,调用时间是2020-05-13, 1:42:39
调用了queryStudentsCount接口,调用时间是2020-05-13, 1:42:39
调用了queryStudents接口,调用时间是2020-05-13, 1:42:40
调用了queryStudentsCount接口,调用时间是2020-05-13, 1:42:40
调用了queryStudents接口,调用时间是2020-05-13, 1:42:41
调用了queryStudentsCount接口,调用时间是2020-05-13, 1:42:41
调用了queryStudents接口,调用时间是2020-05-13, 1:42:41
调用了queryStudentsCount接口,调用时间是2020-05-13, 1:42:41
调用了queryStudents接口,调用时间是2020-05-13, 1:42:43
调用了queryStudentsCount接口,调用时间是2020-05-13, 1:42:43
调用了queryStudents接口,调用时间是2020-05-13, 1:42:44
调用了queryStudentsCount接口,调用时间是2020-05-13, 1:42:44
调用了queryStudents接口,调用时间是2020-05-13, 1:42:45
调用了queryStudentsCount接口,调用时间是2020-05-13, 1:42:45
调用了queryStudents接口,调用时间是2020-05-13, 1:42:46
调用了queryStudentsCount接口,调用时间是2020-05-13, 1:42:46
调用了queryStudents接口,调用时间是2020-05-13, 1:42:46
调用了queryStudentsCount接口,调用时间是2020-05-13, 1:42:46
调用了queryStudents接口,调用时间是2020-05-13, 1:42:46
调用了queryStudentsCount接口,调用时间是2020-05-13, 1:42:46
调用了queryStudents接口,调用时间是2020-05-13, 1:42:46
调用了queryStudentsCount接口,调用时间是2020-05-13, 1:42:46
调用了queryStudents接口,调用时间是2020-05-13, 1:42:47
调用了queryStudentsCount接口,调用时间是2020-05-13, 1:42:47
调用了queryStudents接口,调用时间是2020-05-13, 1:42:47
调用了queryStudentsCount接口,调用时间是2020-05-13, 1:42:47
调用了queryStudents接口,调用时间是2020-05-13, 1:42:47
调用了queryStudentsCount接口,调用时间是2020-05-13, 1:42:47
调用了queryStudents接口,调用时间是2020-05-13, 1:42:48
调用了queryStudentsCount接口,调用时间是2020-05-13, 1:42:48
调用了queryStudents接口,调用时间是2020-05-13, 1:42:49
调用了queryStudentsCount接口,调用时间是2020-05-13, 1:42:49
调用了queryStudents接口,调用时间是2020-05-13, 1:42:50
调用了queryStudentsCount接口,调用时间是2020-05-13, 1:42:50
调用了queryStudents接口,调用时间是2020-05-13, 1:42:51
调用了queryStudentsCount接口,调用时间是2020-05-13, 1:42:51
调用了queryStudents接口,调用时间是2020-05-13, 1:42:52
调用了queryStudentsCount接口,调用时间是2020-05-13, 1:42:52
调用了queryStudents接口,调用时间是2020-05-13, 1:42:52
调用了queryStudentsCount接口,调用时间是2020-05-13, 1:42:52
调用了queryStudents接口,调用时间是2020-05-13, 1:42:53
调用了queryStudentsCount接口,调用时间是2020-05-13, 1:42:53
调用了queryStudents接口,调用时间是2020-05-13, 1:42:55
调用了queryStudentsCount接口,调用时间是2020-05-13, 1:42:55
调用了queryStudents接口,调用时间是2020-05-13, 1:42:56
调用了queryStudentsCount接口,调用时间是2020-05-13, 1:42:56
调用了queryStudents接口,调用时间是2020-05-13, 1:42:56
调用了queryStudentsCount接口,调用时间是2020-05-13, 1:42:56
调用了queryStudents接口,调用时间是2020-05-13, 1:42:57
调用了queryStudentsCount接口,调用时间是2020-05-13, 1:42:57
调用了queryStudents接口,调用时间是2020-05-13, 1:42:57
调用了queryStudentsCount接口,调用时间是2020-05-13, 1:42:57
调用了queryStudents接口,调用时间是2020-05-13, 1:42:57
调用了queryStudentsCount接口,调用时间是2020-05-13, 1:42:57
调用了queryStudents接口,调用时间是2020-05-13, 1:42:57
调用了queryStudentsCount接口,调用时间是2020-05-13, 1:42:57
调用了queryStudents接口,调用时间是2020-05-13, 1:42:58
调用了queryStudentsCount接口,调用时间是2020-05-13, 1:42:58
调用了queryStudents接口,调用时间是2020-05-13, 1:42:59
调用了queryStudentsCount接口,调用时间是2020-05-13, 1:42:59
调用了queryStudents接口,调用时间是2020-05-13, 1:43:00
调用了queryStudentsCount接口,调用时间是2020-05-13, 1:43:00
调用了queryStudents接口,调用时间是2020-05-13, 1:43:40
调用了queryStudentsCount接口,调用时间是2020-05-13, 1:43:40
调用了queryStudents接口,调用时间是2020-05-13, 1:43:54
调用了queryStudentsCount接口,调用时间是2020-05-13, 1:43:54
调用了queryStudents接口,调用时间是2020-05-13, 1:49:35
调用了queryStudentsCount接口,调用时间是2020-05-13, 1:49:35
调用了queryStudents接口,调用时间是2020-05-13, 1:49:36
调用了queryStudentsCount接口,调用时间是2020-05-13, 1:49:36
调用了queryStudents接口,调用时间是2020-05-13, 1:49:37
调用了queryStudentsCount接口,调用时间是2020-05-13, 1:49:37
调用了queryStudents接口,调用时间是2020-05-13, 1:49:38
调用了queryStudentsCount接口,调用时间是2020-05-13, 1:49:38
调用了queryStudents接口,调用时间是2020-05-13, 1:49:38
调用了queryStudentsCount接口,调用时间是2020-05-13, 1:49:38
调用了queryStudents接口,调用时间是2020-05-13, 1:49:38
调用了queryStudentsCount接口,调用时间是2020-05-13, 1:49:38
调用了queryStudentsCount接口,调用时间是2020-05-13, 1:49:38
调用了queryStudents接口,调用时间是2020-05-13, 1:49:38
调用了queryStudents接口,调用时间是2020-05-13, 1:49:39
调用了queryStudentsCount接口,调用时间是2020-05-13, 1:49:39
调用了queryStudents接口,调用时间是2020-05-13, 1:49:40
调用了queryStudentsCount接口,调用时间是2020-05-13, 1:49:40
调用了queryStudents接口,调用时间是2020-05-13, 1:49:43
调用了queryStudentsCount接口,调用时间是2020-05-13, 1:49:43
调用了queryStudents接口,调用时间是2020-05-13, 1:49:44
调用了queryStudentsCount接口,调用时间是2020-05-13, 1:49:44
调用了queryStudents接口,调用时间是2020-05-13, 1:49:45
调用了queryStudentsCount接口,调用时间是2020-05-13, 1:49:45
调用了queryStudents接口,调用时间是2020-05-13, 1:49:46
调用了queryStudentsCount接口,调用时间是2020-05-13, 1:49:46
调用了queryStudents接口,调用时间是2020-05-13, 1:49:47
调用了queryStudentsCount接口,调用时间是2020-05-13, 1:49:47
调用了queryStudents接口,调用时间是2020-05-13, 1:49:49
调用了queryStudentsCount接口,调用时间是2020-05-13, 1:49:49
调用了queryStudents接口,调用时间是2020-05-13, 1:49:49
调用了queryStudentsCount接口,调用时间是2020-05-13, 1:49:49
调用了queryStudents接口,调用时间是2020-05-13, 1:49:52
调用了queryStudentsCount接口,调用时间是2020-05-13, 1:49:52
调用了queryStudents接口,调用时间是2020-05-13, 1:50:01
调用了queryStudentsCount接口,调用时间是2020-05-13, 1:50:01
调用了queryStudents接口,调用时间是2020-05-13, 2:07:23
调用了queryStudentsCount接口,调用时间是2020-05-13, 2:07:23
服务已启动,启动时间是 2020-05-19, 4:36:37
调用了queryStudents接口,调用时间是2020-05-19, 4:39:41
调用了queryStudents接口,调用时间是2020-05-19, 4:40:27
调用了queryStudents接口,调用时间是2020-05-19, 4:40:34
调用了queryStudents接口,调用时间是2020-05-19, 4:41:46
调用了queryStudents接口,调用时间是2020-05-19, 4:42:55
调用了queryStudents接口,调用时间是2020-05-19, 4:43:15
调用了queryAllStudents接口,调用时间是2020-05-19, 4:43:15
调用了queryAllStudents接口,调用时间是2020-05-19, 4:47:42
调用了queryAllStudents接口,调用时间是2020-05-19, 5:08:34
调用了queryAllStudents接口,调用时间是2020-05-19, 5:08:58
调用了queryAllStudents接口,调用时间是2020-05-19, 5:29:03
调用了queryAllStudents接口,调用时间是2020-05-19, 5:29:15
调用了queryAllStudents接口,调用时间是2020-05-19, 5:29:21
调用了queryAllStudents接口,调用时间是2020-05-19, 5:29:45
调用了queryAllStudents接口,调用时间是2020-05-19, 5:29:50
调用了queryAllStudents接口,调用时间是2020-05-19, 5:30:38
调用了queryAllStudents接口,调用时间是2020-05-19, 5:30:45
调用了queryAllStudents接口,调用时间是2020-05-19, 5:30:48
调用了queryAllStudents接口,调用时间是2020-05-19, 5:32:46
调用了queryAllStudents接口,调用时间是2020-05-20, 10:54:19
调用了queryAllStudents接口,调用时间是2020-05-20, 10:57:43
调用了queryAllStudents接口,调用时间是2020-05-20, 10:57:52
调用了queryStudents接口,调用时间是2020-05-20, 10:57:52
调用了queryStudentsCount接口,调用时间是2020-05-20, 10:57:52
调用了queryStudentsCount接口,调用时间是2020-05-20, 10:58:40
调用了queryStudents接口,调用时间是2020-05-20, 10:58:40
调用了queryStudents接口,调用时间是2020-05-20, 10:58:41
调用了queryStudentsCount接口,调用时间是2020-05-20, 10:58:41
调用了queryAllStudents接口,调用时间是2020-05-20, 11:00:35
调用了queryStudents接口,调用时间是2020-05-20, 11:00:35
调用了queryStudentsCount接口,调用时间是2020-05-20, 11:00:35
调用了queryAllStudents接口,调用时间是2020-05-20, 11:02:16
调用了queryStudents接口,调用时间是2020-05-20, 11:02:16
调用了queryStudentsCount接口,调用时间是2020-05-20, 11:02:16
调用了queryStudents接口,调用时间是2020-05-20, 11:02:35
调用了queryStudentsCount接口,调用时间是2020-05-20, 11:02:35
调用了queryStudents接口,调用时间是2020-05-20, 11:02:38
调用了queryStudentsCount接口,调用时间是2020-05-20, 11:02:38
调用了queryAllStudents接口,调用时间是2020-05-20, 11:03:12
调用了queryStudents接口,调用时间是2020-05-20, 11:03:12
调用了queryStudentsCount接口,调用时间是2020-05-20, 11:03:12
调用了queryStudents接口,调用时间是2020-05-20, 11:03:17
调用了queryStudentsCount接口,调用时间是2020-05-20, 11:03:17
调用了queryAllStudents接口,调用时间是2020-05-20, 11:03:34
调用了queryStudents接口,调用时间是2020-05-20, 11:03:34
调用了queryStudentsCount接口,调用时间是2020-05-20, 11:03:34
调用了queryAllStudents接口,调用时间是2020-05-20, 11:03:38
调用了queryStudents接口,调用时间是2020-05-20, 11:03:38
调用了queryStudentsCount接口,调用时间是2020-05-20, 11:03:38
调用了queryAllStudents接口,调用时间是2020-05-20, 11:04:01
调用了queryStudents接口,调用时间是2020-05-20, 11:04:02
调用了queryStudentsCount接口,调用时间是2020-05-20, 11:04:02
调用了queryAllStudents接口,调用时间是2020-05-20, 11:05:02
调用了queryStudents接口,调用时间是2020-05-20, 11:05:02
调用了queryStudentsCount接口,调用时间是2020-05-20, 11:05:02
调用了queryAllStudents接口,调用时间是2020-05-20, 11:05:11
调用了queryStudents接口,调用时间是2020-05-20, 11:05:11
调用了queryStudentsCount接口,调用时间是2020-05-20, 11:05:11
调用了queryAllStudents接口,调用时间是2020-05-20, 11:05:36
调用了queryStudents接口,调用时间是2020-05-20, 11:05:36
调用了queryStudentsCount接口,调用时间是2020-05-20, 11:05:36
调用了queryAllStudents接口,调用时间是2020-05-20, 11:06:05
调用了queryStudents接口,调用时间是2020-05-20, 11:06:05
调用了queryStudentsCount接口,调用时间是2020-05-20, 11:06:05
调用了queryStudents接口,调用时间是2020-05-20, 11:06:14
调用了queryStudentsCount接口,调用时间是2020-05-20, 11:06:14
调用了queryStudents接口,调用时间是2020-05-20, 11:07:11
调用了queryStudentsCount接口,调用时间是2020-05-20, 11:07:11
调用了queryStudents接口,调用时间是2020-05-20, 11:07:18
调用了queryStudentsCount接口,调用时间是2020-05-20, 11:07:18
调用了queryStudents接口,调用时间是2020-05-20, 11:07:24
调用了queryStudentsCount接口,调用时间是2020-05-20, 11:07:24
调用了queryStudents接口,调用时间是2020-05-20, 11:07:31
调用了queryStudentsCount接口,调用时间是2020-05-20, 11:07:31
调用了queryAllStudents接口,调用时间是2020-05-20, 11:09:10
调用了queryStudents接口,调用时间是2020-05-20, 11:09:14
调用了queryStudentsCount接口,调用时间是2020-05-20, 11:09:14
调用了queryAllStudents接口,调用时间是2020-05-20, 11:09:18
调用了queryStudents接口,调用时间是2020-05-20, 11:09:18
调用了queryStudentsCount接口,调用时间是2020-05-20, 11:09:18
调用了queryStudents接口,调用时间是2020-05-20, 11:09:29
调用了queryStudentsCount接口,调用时间是2020-05-20, 11:09:29
调用了queryStudents接口,调用时间是2020-05-20, 11:09:40
调用了queryStudentsCount接口,调用时间是2020-05-20, 11:09:41
调用了queryStudents接口,调用时间是2020-05-20, 11:10:30
调用了queryStudentsCount接口,调用时间是2020-05-20, 11:10:31
调用了queryAllStudents接口,调用时间是2020-05-20, 11:13:09
调用了queryStudents接口,调用时间是2020-05-20, 11:13:11
调用了queryStudentsCount接口,调用时间是2020-05-20, 11:13:11
调用了queryAllStudents接口,调用时间是2020-05-20, 11:14:49
调用了queryStudents接口,调用时间是2020-05-20, 11:14:49
调用了queryStudentsCount接口,调用时间是2020-05-20, 11:14:49
调用了queryStudents接口,调用时间是2020-05-20, 11:14:57
调用了queryStudentsCount接口,调用时间是2020-05-20, 11:14:57
调用了queryStudents接口,调用时间是2020-05-20, 11:14:57
调用了queryStudentsCount接口,调用时间是2020-05-20, 11:14:57
调用了queryStudents接口,调用时间是2020-05-20, 11:14:58
调用了queryStudentsCount接口,调用时间是2020-05-20, 11:14:58
调用了queryStudents接口,调用时间是2020-05-20, 11:14:58
调用了queryStudentsCount接口,调用时间是2020-05-20, 11:14:58
调用了queryStudents接口,调用时间是2020-05-20, 11:14:59
调用了queryStudentsCount接口,调用时间是2020-05-20, 11:14:59
调用了queryStudentsCount接口,调用时间是2020-05-20, 11:15:00
调用了queryStudents接口,调用时间是2020-05-20, 11:15:00
调用了queryStudents接口,调用时间是2020-05-20, 11:15:01
调用了queryStudentsCount接口,调用时间是2020-05-20, 11:15:01
调用了queryStudents接口,调用时间是2020-05-20, 11:16:31
调用了queryStudentsCount接口,调用时间是2020-05-20, 11:16:31
调用了queryStudents接口,调用时间是2020-05-20, 11:24:42
调用了queryStudentsCount接口,调用时间是2020-05-20, 11:24:42
调用了queryStudents接口,调用时间是2020-05-20, 11:24:43
调用了queryStudentsCount接口,调用时间是2020-05-20, 11:24:43
调用了queryStudents接口,调用时间是2020-05-20, 11:24:43
调用了queryStudentsCount接口,调用时间是2020-05-20, 11:24:43
调用了queryStudents接口,调用时间是2020-05-20, 11:24:43
调用了queryStudentsCount接口,调用时间是2020-05-20, 11:24:43
调用了queryStudents接口,调用时间是2020-05-20, 11:24:43
调用了queryStudentsCount接口,调用时间是2020-05-20, 11:24:43
调用了queryStudents接口,调用时间是2020-05-20, 11:24:44
调用了queryStudentsCount接口,调用时间是2020-05-20, 11:24:44
调用了queryStudents接口,调用时间是2020-05-20, 11:24:44
调用了queryStudentsCount接口,调用时间是2020-05-20, 11:24:44
调用了queryStudents接口,调用时间是2020-05-20, 11:24:45
调用了queryStudentsCount接口,调用时间是2020-05-20, 11:24:45
调用了queryStudents接口,调用时间是2020-05-20, 11:24:46
调用了queryStudentsCount接口,调用时间是2020-05-20, 11:24:46
调用了queryStudents接口,调用时间是2020-05-20, 11:24:47
调用了queryStudentsCount接口,调用时间是2020-05-20, 11:24:47
调用了queryStudents接口,调用时间是2020-05-20, 11:24:47
调用了queryStudentsCount接口,调用时间是2020-05-20, 11:24:47
调用了queryStudents接口,调用时间是2020-05-20, 11:24:48
调用了queryStudentsCount接口,调用时间是2020-05-20, 11:24:48
调用了queryAllStudents接口,调用时间是2020-05-20, 12:35:30
调用了queryAllStudents接口,调用时间是2020-05-20, 12:40:19
调用了queryAllStudents接口,调用时间是2020-05-20, 12:40:32
调用了queryStudentsCount接口,调用时间是2020-05-20, 12:40:32
调用了queryStudents接口,调用时间是2020-05-20, 12:40:32
调用了queryAllStudents接口,调用时间是2020-05-20, 12:44:49
调用了queryStudents接口,调用时间是2020-05-20, 12:44:49
调用了queryStudentsCount接口,调用时间是2020-05-20, 12:44:49
调用了queryAllStudents接口,调用时间是2020-05-20, 12:44:53
调用了queryStudents接口,调用时间是2020-05-20, 12:45:00
调用了queryStudentsCount接口,调用时间是2020-05-20, 12:45:00
服务已启动,启动时间是 2020-05-20, 12:46:04
服务已启动,启动时间是 2020-05-20, 12:50:16
服务已启动,启动时间是 2020-05-20, 12:50:22
服务已启动,启动时间是 2020-05-21, 9:53:52
调用了queryStudents接口,调用时间是2020-05-21, 9:54:03
调用了queryStudentsCount接口,调用时间是2020-05-21, 9:54:03
调用了queryStudents接口,调用时间是2020-05-21, 9:54:34
调用了queryStudentsCount接口,调用时间是2020-05-21, 9:54:34
调用了queryStudents接口,调用时间是2020-05-21, 10:18:11
调用了queryStudentsCount接口,调用时间是2020-05-21, 10:18:11
调用了queryStudents接口,调用时间是2020-05-21, 10:19:12
调用了queryStudentsCount接口,调用时间是2020-05-21, 10:19:12
调用了queryStudents接口,调用时间是2020-05-21, 10:19:47
调用了queryStudentsCount接口,调用时间是2020-05-21, 10:19:47
调用了queryStudents接口,调用时间是2020-05-21, 10:19:50
调用了queryStudentsCount接口,调用时间是2020-05-21, 10:19:50
调用了queryStudents接口,调用时间是2020-05-21, 10:27:58
调用了queryStudentsCount接口,调用时间是2020-05-21, 10:27:58
调用了queryStudents接口,调用时间是2020-05-21, 10:30:33
调用了queryStudentsCount接口,调用时间是2020-05-21, 10:30:33
调用了queryStudents接口,调用时间是2020-05-21, 10:31:26
调用了queryStudentsCount接口,调用时间是2020-05-21, 10:31:26
调用了queryStudents接口,调用时间是2020-05-21, 10:34:42
调用了queryStudentsCount接口,调用时间是2020-05-21, 10:34:42
调用了queryStudents接口,调用时间是2020-05-21, 10:35:22
调用了queryStudentsCount接口,调用时间是2020-05-21, 10:35:22
调用了queryStudents接口,调用时间是2020-05-21, 10:36:36
调用了queryStudentsCount接口,调用时间是2020-05-21, 10:36:36
调用了queryStudents接口,调用时间是2020-05-21, 10:36:51
调用了queryStudentsCount接口,调用时间是2020-05-21, 10:36:51
调用了queryStudents接口,调用时间是2020-05-21, 10:37:01
调用了queryStudentsCount接口,调用时间是2020-05-21, 10:37:01
调用了queryStudents接口,调用时间是2020-05-21, 10:37:05
调用了queryStudentsCount接口,调用时间是2020-05-21, 10:37:05
调用了queryStudents接口,调用时间是2020-05-21, 10:44:11
调用了queryStudents接口,调用时间是2020-05-21, 10:44:11
调用了queryStudentsCount接口,调用时间是2020-05-21, 10:44:11
调用了queryStudents接口,调用时间是2020-05-21, 10:44:19
调用了queryStudentsCount接口,调用时间是2020-05-21, 10:44:19
调用了queryStudents接口,调用时间是2020-05-21, 10:44:48
调用了queryStudents接口,调用时间是2020-05-21, 10:44:48
调用了queryStudentsCount接口,调用时间是2020-05-21, 10:44:48
调用了queryStudents接口,调用时间是2020-05-21, 10:45:28
调用了queryStudents接口,调用时间是2020-05-21, 10:45:28
调用了queryStudentsCount接口,调用时间是2020-05-21, 10:45:28
调用了queryStudents接口,调用时间是2020-05-21, 10:46:26
调用了queryStudentsCount接口,调用时间是2020-05-21, 10:46:26
调用了queryStudents接口,调用时间是2020-05-21, 10:46:28
调用了queryStudentsCount接口,调用时间是2020-05-21, 10:46:29
调用了queryStudents接口,调用时间是2020-05-21, 10:47:41
调用了queryStudentsCount接口,调用时间是2020-05-21, 10:47:41
调用了queryStudents接口,调用时间是2020-05-21, 10:47:44
调用了queryStudentsCount接口,调用时间是2020-05-21, 10:47:44
调用了queryStudents接口,调用时间是2020-05-21, 10:49:26
调用了queryStudents接口,调用时间是2020-05-21, 10:49:26
调用了queryStudentsCount接口,调用时间是2020-05-21, 10:49:26
调用了queryStudents接口,调用时间是2020-05-21, 10:50:58
调用了queryStudents接口,调用时间是2020-05-21, 10:50:58
调用了queryStudentsCount接口,调用时间是2020-05-21, 10:50:58
调用了queryStudentsCount接口,调用时间是2020-05-21, 10:50:58
调用了queryStudents接口,调用时间是2020-05-21, 10:51:15
调用了queryStudents接口,调用时间是2020-05-21, 10:51:15
调用了queryStudentsCount接口,调用时间是2020-05-21, 10:51:15
调用了queryStudentsCount接口,调用时间是2020-05-21, 10:51:15
调用了queryStudents接口,调用时间是2020-05-21, 10:51:21
调用了queryStudents接口,调用时间是2020-05-21, 10:51:21
调用了queryStudentsCount接口,调用时间是2020-05-21, 10:51:21
调用了queryStudentsCount接口,调用时间是2020-05-21, 10:51:21
调用了queryStudents接口,调用时间是2020-05-21, 10:51:45
调用了queryStudents接口,调用时间是2020-05-21, 10:51:46
调用了queryStudentsCount接口,调用时间是2020-05-21, 10:51:46
调用了queryStudentsCount接口,调用时间是2020-05-21, 10:51:46
调用了queryStudents接口,调用时间是2020-05-21, 10:51:49
调用了queryStudents接口,调用时间是2020-05-21, 10:51:49
调用了queryStudentsCount接口,调用时间是2020-05-21, 10:51:49
调用了queryStudentsCount接口,调用时间是2020-05-21, 10:51:49
调用了queryStudents接口,调用时间是2020-05-21, 10:52:15
调用了queryStudents接口,调用时间是2020-05-21, 10:52:15
调用了queryStudentsCount接口,调用时间是2020-05-21, 10:52:15
调用了queryStudentsCount接口,调用时间是2020-05-21, 10:52:15
调用了queryStudents接口,调用时间是2020-05-21, 10:54:07
调用了queryStudents接口,调用时间是2020-05-21, 10:54:07
调用了queryStudentsCount接口,调用时间是2020-05-21, 10:54:07
调用了queryStudentsCount接口,调用时间是2020-05-21, 10:54:07
调用了queryStudents接口,调用时间是2020-05-21, 10:54:30
调用了queryStudents接口,调用时间是2020-05-21, 10:54:30
调用了queryStudentsCount接口,调用时间是2020-05-21, 10:54:30
调用了queryStudentsCount接口,调用时间是2020-05-21, 10:54:30
调用了queryStudents接口,调用时间是2020-05-21, 10:54:50
调用了queryStudents接口,调用时间是2020-05-21, 10:54:50
调用了queryStudentsCount接口,调用时间是2020-05-21, 10:54:50
调用了queryStudentsCount接口,调用时间是2020-05-21, 10:54:50
调用了queryStudents接口,调用时间是2020-05-21, 10:55:31
调用了queryStudents接口,调用时间是2020-05-21, 10:55:31
调用了queryStudentsCount接口,调用时间是2020-05-21, 10:55:31
调用了queryStudentsCount接口,调用时间是2020-05-21, 10:55:31
调用了queryStudents接口,调用时间是2020-05-21, 10:55:43
调用了queryStudents接口,调用时间是2020-05-21, 10:55:43
调用了queryStudentsCount接口,调用时间是2020-05-21, 10:55:43
调用了queryStudentsCount接口,调用时间是2020-05-21, 10:55:43
调用了queryStudents接口,调用时间是2020-05-21, 11:00:03
调用了queryStudents接口,调用时间是2020-05-21, 11:00:03
调用了queryStudentsCount接口,调用时间是2020-05-21, 11:00:03
调用了queryStudentsCount接口,调用时间是2020-05-21, 11:00:03
调用了queryStudents接口,调用时间是2020-05-21, 5:30:56
调用了queryStudents接口,调用时间是2020-05-21, 5:31:11
调用了queryStudentsCount接口,调用时间是2020-05-21, 5:31:11
调用了queryStudents接口,调用时间是2020-05-21, 5:31:14
调用了queryStudents接口,调用时间是2020-05-21, 5:31:14
调用了queryStudentsCount接口,调用时间是2020-05-21, 5:31:14
调用了queryStudentsCount接口,调用时间是2020-05-21, 5:31:14
调用了queryStudents接口,调用时间是2020-05-21, 5:31:17
调用了queryStudentsCount接口,调用时间是2020-05-21, 5:31:17
调用了queryStudents接口,调用时间是2020-05-21, 5:31:18
调用了queryStudentsCount接口,调用时间是2020-05-21, 5:31:18
调用了queryStudents接口,调用时间是2020-05-21, 5:31:19
调用了queryStudentsCount接口,调用时间是2020-05-21, 5:31:19
调用了queryStudents接口,调用时间是2020-05-21, 5:31:19
调用了queryStudentsCount接口,调用时间是2020-05-21, 5:31:19
调用了queryStudents接口,调用时间是2020-05-21, 5:31:20
调用了queryStudentsCount接口,调用时间是2020-05-21, 5:31:20
调用了queryStudents接口,调用时间是2020-05-21, 5:32:25
调用了queryStudents接口,调用时间是2020-05-21, 5:32:25
调用了queryStudentsCount接口,调用时间是2020-05-21, 5:32:25
调用了queryStudentsCount接口,调用时间是2020-05-21, 5:32:25
调用了queryAllStudents接口,调用时间是2020-05-21, 5:32:38
服务已启动,启动时间是 2020-05-26, 2:04:49
调用了queryStudents接口,调用时间是2020-05-26, 2:04:56
调用了queryStudentsCount接口,调用时间是2020-05-26, 2:04:56
调用了queryStudents接口,调用时间是2020-05-26, 2:04:56
调用了queryStudentsCount接口,调用时间是2020-05-26, 2:04:56
调用了queryStudents接口,调用时间是2020-05-26, 2:04:58
调用了queryStudentsCount接口,调用时间是2020-05-26, 2:04:58
调用了queryStudents接口,调用时间是2020-05-26, 2:04:59
调用了queryStudentsCount接口,调用时间是2020-05-26, 2:04:59
调用了queryStudents接口,调用时间是2020-05-26, 2:05:00
调用了queryStudentsCount接口,调用时间是2020-05-26, 2:05:00
调用了queryStudents接口,调用时间是2020-05-26, 2:05:00
调用了queryStudentsCount接口,调用时间是2020-05-26, 2:05:00
调用了queryStudents接口,调用时间是2020-05-26, 2:05:01
调用了queryStudentsCount接口,调用时间是2020-05-26, 2:05:01
调用了queryStudents接口,调用时间是2020-05-26, 2:05:01
调用了queryStudentsCount接口,调用时间是2020-05-26, 2:05:01
调用了queryStudents接口,调用时间是2020-05-26, 2:05:02
调用了queryStudentsCount接口,调用时间是2020-05-26, 2:05:02
调用了queryStudents接口,调用时间是2020-05-26, 2:05:03
调用了queryStudentsCount接口,调用时间是2020-05-26, 2:05:03
调用了queryStudents接口,调用时间是2020-05-26, 2:05:04
调用了queryStudentsCount接口,调用时间是2020-05-26, 2:05:04
调用了queryStudents接口,调用时间是2020-05-26, 2:05:05
调用了queryStudentsCount接口,调用时间是2020-05-26, 2:05:05
调用了queryStudents接口,调用时间是2020-05-26, 2:05:06
调用了queryStudentsCount接口,调用时间是2020-05-26, 2:05:06
调用了queryStudents接口,调用时间是2020-05-26, 2:05:06
调用了queryStudentsCount接口,调用时间是2020-05-26, 2:05:06
调用了queryStudents接口,调用时间是2020-05-26, 2:05:07
调用了queryStudentsCount接口,调用时间是2020-05-26, 2:05:07
调用了queryStudents接口,调用时间是2020-05-26, 2:05:08
调用了queryStudentsCount接口,调用时间是2020-05-26, 2:05:08
调用了queryStudents接口,调用时间是2020-05-26, 2:06:57
调用了queryStudents接口,调用时间是2020-05-26, 2:06:57
调用了queryStudentsCount接口,调用时间是2020-05-26, 2:06:57
调用了queryStudentsCount接口,调用时间是2020-05-26, 2:06:57
调用了queryStudents接口,调用时间是2020-05-26, 2:15:27
调用了queryStudentsCount接口,调用时间是2020-05-26, 2:15:27
调用了queryStudents接口,调用时间是2020-05-26, 2:16:07
调用了queryStudentsCount接口,调用时间是2020-05-26, 2:16:07
调用了queryStudents接口,调用时间是2020-05-26, 2:23:43
调用了queryStudentsCount接口,调用时间是2020-05-26, 2:23:43
调用了queryStudents接口,调用时间是2020-05-26, 2:24:46
调用了queryStudentsCount接口,调用时间是2020-05-26, 2:24:46
调用了queryStudents接口,调用时间是2020-05-26, 2:25:03
调用了queryStudentsCount接口,调用时间是2020-05-26, 2:25:03
调用了queryStudents接口,调用时间是2020-05-26, 2:25:06
调用了queryStudentsCount接口,调用时间是2020-05-26, 2:25:06
调用了queryStudents接口,调用时间是2020-05-26, 2:32:35
调用了queryStudents接口,调用时间是2020-05-26, 2:32:35
调用了queryStudentsCount接口,调用时间是2020-05-26, 2:32:35
调用了queryStudentsCount接口,调用时间是2020-05-26, 2:32:36
调用了queryStudents接口,调用时间是2020-05-26, 2:36:53
调用了queryStudentsCount接口,调用时间是2020-05-26, 2:36:53
调用了queryStudents接口,调用时间是2020-05-26, 2:37:01
调用了queryStudentsCount接口,调用时间是2020-05-26, 2:37:01
调用了queryStudents接口,调用时间是2020-05-26, 2:37:22
调用了queryStudentsCount接口,调用时间是2020-05-26, 2:37:22
调用了queryStudents接口,调用时间是2020-05-26, 2:56:04
调用了queryStudentsCount接口,调用时间是2020-05-26, 2:56:04
调用了queryStudents接口,调用时间是2020-05-26, 2:56:19
调用了queryStudentsCount接口,调用时间是2020-05-26, 2:56:19
调用了queryStudents接口,调用时间是2020-05-26, 2:56:48
调用了queryStudentsCount接口,调用时间是2020-05-26, 2:56:48
调用了queryStudents接口,调用时间是2020-05-26, 2:56:49
调用了queryStudentsCount接口,调用时间是2020-05-26, 2:56:49
调用了queryStudents接口,调用时间是2020-05-26, 2:56:53
调用了queryStudentsCount接口,调用时间是2020-05-26, 2:56:53
调用了queryStudents接口,调用时间是2020-05-26, 2:59:51
调用了queryStudentsCount接口,调用时间是2020-05-26, 2:59:51
调用了queryStudents接口,调用时间是2020-05-26, 3:00:03
调用了queryStudentsCount接口,调用时间是2020-05-26, 3:00:03
调用了queryStudents接口,调用时间是2020-05-26, 3:01:14
调用了queryStudentsCount接口,调用时间是2020-05-26, 3:01:14
调用了queryStudents接口,调用时间是2020-05-26, 3:56:08
调用了queryStudentsCount接口,调用时间是2020-05-26, 3:56:08
调用了queryStudents接口,调用时间是2020-05-26, 3:57:15
调用了queryStudentsCount接口,调用时间是2020-05-26, 3:57:15
调用了queryStudents接口,调用时间是2020-05-26, 3:58:42
调用了queryStudentsCount接口,调用时间是2020-05-26, 3:58:42
调用了queryStudents接口,调用时间是2020-05-26, 4:01:29
调用了queryStudentsCount接口,调用时间是2020-05-26, 4:01:30
调用了queryStudents接口,调用时间是2020-05-26, 4:01:53
调用了queryStudentsCount接口,调用时间是2020-05-26, 4:01:53
调用了queryStudents接口,调用时间是2020-05-26, 4:06:34
调用了queryStudentsCount接口,调用时间是2020-05-26, 4:06:34
调用了queryStudents接口,调用时间是2020-05-26, 4:06:41
调用了queryStudentsCount接口,调用时间是2020-05-26, 4:06:41
调用了queryStudents接口,调用时间是2020-05-26, 4:41:02
调用了queryStudentsCount接口,调用时间是2020-05-26, 4:41:02
调用了queryStudents接口,调用时间是2020-05-26, 4:47:55
调用了queryStudentsCount接口,调用时间是2020-05-26, 4:47:55
调用了queryStudents接口,调用时间是2020-05-26, 5:06:27
调用了queryStudentsCount接口,调用时间是2020-05-26, 5:06:27
调用了queryStudents接口,调用时间是2020-05-26, 5:06:58
调用了queryStudentsCount接口,调用时间是2020-05-26, 5:06:58
服务已启动,启动时间是 2020-06-18, 11:02:05
调用了queryAllStudents接口,调用时间是2020-06-18, 11:03:03
调用了queryAllStudents接口,调用时间是2020-06-18, 11:03:44
调用了queryAllStudents接口,调用时间是2020-06-18, 11:04:55
服务已启动,启动时间是 2020-06-18, 11:22:04
服务已启动,启动时间是 2020-06-18, 2:16:43
调用了queryStudents接口,调用时间是2020-06-18, 2:16:59
调用了queryAllStudents接口,调用时间是2020-06-18, 2:17:07
服务已启动,启动时间是 2020-06-18, 2:17:39
调用了queryAllStudents接口,调用时间是2020-06-18, 2:17:46
服务已启动,启动时间是 2020-07-03, 7:17:22
调用了queryStudents接口,调用时间是2020-07-03, 7:17:29
调用了queryStudentsCount接口,调用时间是2020-07-03, 7:17:29
调用了queryStudents接口,调用时间是2020-07-03, 7:17:55
调用了queryStudentsCount接口,调用时间是2020-07-03, 7:17:55
调用了queryStudents接口,调用时间是2020-07-03, 7:17:56
调用了queryStudentsCount接口,调用时间是2020-07-03, 7:17:56
调用了queryStudentsCount接口,调用时间是2020-07-03, 7:17:57
调用了queryStudents接口,调用时间是2020-07-03, 7:17:57
调用了queryStudents接口,调用时间是2020-07-03, 7:17:57
调用了queryStudentsCount接口,调用时间是2020-07-03, 7:17:57
调用了queryStudentsCount接口,调用时间是2020-07-03, 7:18:04
调用了queryStudents接口,调用时间是2020-07-03, 7:18:04
调用了queryStudents接口,调用时间是2020-07-03, 7:18:06
调用了queryStudentsCount接口,调用时间是2020-07-03, 7:18:06
调用了queryStudents接口,调用时间是2020-07-03, 7:18:08
调用了queryStudentsCount接口,调用时间是2020-07-03, 7:18:08
调用了queryStudents接口,调用时间是2020-07-03, 7:18:10
调用了queryStudentsCount接口,调用时间是2020-07-03, 7:18:10
调用了queryStudents接口,调用时间是2020-07-03, 7:18:13
调用了queryStudentsCount接口,调用时间是2020-07-03, 7:18:13
调用了queryStudents接口,调用时间是2020-07-03, 7:18:15
调用了queryStudentsCount接口,调用时间是2020-07-03, 7:18:15
调用了queryStudents接口,调用时间是2020-07-03, 7:22:42
调用了queryStudentsCount接口,调用时间是2020-07-03, 7:22:42
调用了queryStudents接口,调用时间是2020-07-03, 7:22:53
调用了queryStudentsCount接口,调用时间是2020-07-03, 7:22:53
调用了queryStudents接口,调用时间是2020-07-03, 7:33:46
调用了queryStudentsCount接口,调用时间是2020-07-03, 7:33:46
服务已启动,启动时间是 2020-07-07, 4:52:18
服务已启动,启动时间是 2020-07-07, 4:52:39
服务已启动,启动时间是 2020-07-07, 4:58:19
服务已启动,启动时间是 2020-07-07, 5:03:53
服务已启动,启动时间是 2020-07-07, 5:05:56
服务已启动,启动时间是 2020-07-07, 5:07:54
服务已启动,启动时间是 2020-07-07, 5:08:34
服务已启动,启动时间是 2020-07-07, 5:10:32
服务已启动,启动时间是 2020-07-07, 5:12:37
服务已启动,启动时间是 2020-07-07, 5:13:18
服务已启动,启动时间是 2020-07-07, 5:13:30
服务已启动,启动时间是 2020-07-07, 5:14:01
服务已启动,启动时间是 2020-07-07, 5:14:20
服务已启动,启动时间是 2020-07-07, 5:14:21
服务已启动,启动时间是 2020-07-07, 5:14:30
服务已启动,启动时间是 2020-07-07, 5:15:05
服务已启动,启动时间是 2020-07-07, 5:15:06
服务已启动,启动时间是 2020-07-07, 5:15:53
服务已启动,启动时间是 2020-07-07, 5:15:53
服务已启动,启动时间是 2020-07-07, 5:16:41
服务已启动,启动时间是 2020-07-07, 5:16:42
服务已启动,启动时间是 2020-07-07, 5:17:01
服务已启动,启动时间是 2020-07-07, 5:17:02
服务已启动,启动时间是 2020-07-07, 5:17:56
服务已启动,启动时间是 2020-07-07, 5:18:12
服务已启动,启动时间是 2020-07-07, 5:19:23
服务已启动,启动时间是 2020-07-07, 5:20:20
服务已启动,启动时间是 2020-07-07, 5:20:32
服务已启动,启动时间是 2020-07-07, 5:20:34
服务已启动,启动时间是 2020-07-07, 5:20:34
服务已启动,启动时间是 2020-07-07, 5:20:35
服务已启动,启动时间是 2020-07-07, 5:23:46
服务已启动,启动时间是 2020-07-07, 5:23:56
服务已启动,启动时间是 2020-07-07, 5:23:56
服务已启动,启动时间是 2020-07-07, 5:23:57
服务已启动,启动时间是 2020-07-07, 5:25:15
服务已启动,启动时间是 2020-07-07, 5:25:23
服务已启动,启动时间是 2020-07-07, 5:25:24
服务已启动,启动时间是 2020-07-07, 5:26:24
服务已启动,启动时间是 2020-07-07, 5:27:18
服务已启动,启动时间是 2020-07-07, 5:27:31
服务已启动,启动时间是 2020-07-07, 5:28:26
服务已启动,启动时间是 2020-07-07, 5:29:33
服务已启动,启动时间是 2020-07-07, 5:29:58
服务已启动,启动时间是 2020-07-07, 5:30:12
服务已启动,启动时间是 2020-07-07, 5:30:23
服务已启动,启动时间是 2020-07-07, 5:30:37
服务已启动,启动时间是 2020-07-07, 5:30:40
服务已启动,启动时间是 2020-07-07, 5:30:50
服务已启动,启动时间是 2020-07-07, 5:30:52
服务已启动,启动时间是 2020-07-07, 5:30:53
服务已启动,启动时间是 2020-07-07, 5:31:05
服务已启动,启动时间是 2020-07-07, 5:31:05
服务已启动,启动时间是 2020-07-07, 5:31:05
服务已启动,启动时间是 2020-07-07, 5:31:46
服务已启动,启动时间是 2020-07-08, 12:39:35
服务已启动,启动时间是 2020-07-08, 12:39:42
服务已启动,启动时间是 2020-07-08, 12:39:53
服务已启动,启动时间是 2020-07-08, 12:40:03
服务已启动,启动时间是 2020-07-08, 12:44:02
服务已启动,启动时间是 2020-07-08, 12:45:56
服务已启动,启动时间是 2020-07-08, 12:48:48
服务已启动,启动时间是 2020-07-08, 12:48:56
服务已启动,启动时间是 2020-07-08, 12:52:03
调用了registerAccount接口,调用时间是2020-07-08, 12:54:34
调用了registerAccount接口,调用时间是2020-07-08, 12:55:44
调用了registerAccount接口,调用时间是2020-07-08, 12:57:17
调用了queryAllStudents接口,调用时间是2020-07-08, 12:58:14
服务已启动,启动时间是 2020-07-08, 12:58:49
调用了registerAccount接口,调用时间是2020-07-08, 12:58:58
服务已启动,启动时间是 2020-07-08, 12:59:16
服务已启动,启动时间是 2020-07-08, 12:59:17
服务已启动,启动时间是 2020-07-08, 12:59:45
调用了registerAccount接口,调用时间是2020-07-08, 12:59:58
调用了registerAccount接口,调用时间是2020-07-08, 1:00:14
服务已启动,启动时间是 2020-07-08, 1:01:11
调用了registerAccount接口,调用时间是2020-07-08, 1:01:15
服务已启动,启动时间是 2020-07-08, 1:01:26
服务已启动,启动时间是 2020-07-08, 1:04:16
服务已启动,启动时间是 2020-07-08, 1:04:49
服务已启动,启动时间是 2020-07-08, 1:05:31
服务已启动,启动时间是 2020-07-08, 1:05:45
服务已启动,启动时间是 2020-07-08, 1:06:42
服务已启动,启动时间是 2020-07-08, 1:07:12
服务已启动,启动时间是 2020-07-08, 1:07:13
服务已启动,启动时间是 2020-07-08, 1:07:47
服务已启动,启动时间是 2020-07-08, 1:08:46
服务已启动,启动时间是 2020-07-08, 1:10:21
服务已启动,启动时间是 2020-07-08, 1:14:40
调用了registerAccount接口,调用时间是2020-07-08, 1:14:47
服务已启动,启动时间是 2020-07-08, 1:15:05
服务已启动,启动时间是 2020-07-08, 1:15:30
调用了registerAccount接口,调用时间是2020-07-08, 1:15:35
服务已启动,启动时间是 2020-07-08, 1:41:50
调用了registerAccount接口,调用时间是2020-07-08, 1:41:52
调用了registerAccount接口,调用时间是2020-07-08, 1:42:26
服务已启动,启动时间是 2020-07-08, 1:42:49
服务已启动,启动时间是 2020-07-08, 1:46:26
调用了registerAccount接口,调用时间是2020-07-08, 1:59:25
调用了registerAccount接口,调用时间是2020-07-08, 1:59:37
服务已启动,启动时间是 2020-07-08, 2:00:03
服务已启动,启动时间是 2020-07-08, 2:00:07
调用了registerAccount接口,调用时间是2020-07-08, 2:00:10
调用了registerAccount接口,调用时间是2020-07-08, 2:04:12
服务已启动,启动时间是 2020-07-08, 2:06:27
调用了registerAccount接口,调用时间是2020-07-08, 2:06:30
服务已启动,启动时间是 2020-07-08, 2:06:42
调用了registerAccount接口,调用时间是2020-07-08, 2:06:45
服务已启动,启动时间是 2020-07-08, 2:07:17
调用了registerAccount接口,调用时间是2020-07-08, 2:07:19
服务已启动,启动时间是 2020-07-08, 2:07:48
调用了registerAccount接口,调用时间是2020-07-08, 2:07:52
调用了registerAccount接口,调用时间是2020-07-08, 2:11:57
服务已启动,启动时间是 2020-07-08, 2:30:25
服务已启动,启动时间是 2020-07-08, 2:30:30
服务已启动,启动时间是 2020-07-08, 2:30:30
服务已启动,启动时间是 2020-07-08, 2:30:31
服务已启动,启动时间是 2020-07-08, 2:33:13
服务已启动,启动时间是 2020-07-08, 2:33:14
服务已启动,启动时间是 2020-07-08, 2:33:44
服务已启动,启动时间是 2020-07-08, 2:34:43
服务已启动,启动时间是 2020-07-08, 2:36:12
调用了queryAllStudents接口,调用时间是2020-07-08, 2:37:40
服务已启动,启动时间是 2020-07-08, 2:39:46
服务已启动,启动时间是 2020-07-08, 2:39:48
调用了registerAccount接口,调用时间是2020-07-08, 2:39:57
调用了registerAccount接口,调用时间是2020-07-08, 2:46:56
服务已启动,启动时间是 2020-07-08, 2:47:14
调用了registerAccount接口,调用时间是2020-07-08, 2:47:16
服务已启动,启动时间是 2020-07-08, 2:47:26
调用了registerAccount接口,调用时间是2020-07-08, 2:47:27
调用了registerAccount接口,调用时间是2020-07-08, 2:47:39
服务已启动,启动时间是 2020-07-08, 2:47:57
调用了registerAccount接口,调用时间是2020-07-08, 2:47:59
服务已启动,启动时间是 2020-07-08, 2:50:12
服务已启动,启动时间是 2020-07-08, 2:50:37
服务已启动,启动时间是 2020-07-08, 2:51:38
服务已启动,启动时间是 2020-07-08, 2:52:12
服务已启动,启动时间是 2020-07-08, 2:54:03
调用了registerAccount接口,调用时间是2020-07-08, 2:54:05
服务已启动,启动时间是 2020-07-08, 2:54:24
调用了registerAccount接口,调用时间是2020-07-08, 2:54:26
服务已启动,启动时间是 2020-07-08, 2:54:58
调用了registerAccount接口,调用时间是2020-07-08, 2:55:01
服务已启动,启动时间是 2020-07-08, 2:55:51
服务已启动,启动时间是 2020-07-08, 2:56:02
调用了registerAccount接口,调用时间是2020-07-08, 2:56:03
服务已启动,启动时间是 2020-07-08, 2:56:11
调用了registerAccount接口,调用时间是2020-07-08, 2:56:14
服务已启动,启动时间是 2020-07-08, 2:56:26
调用了registerAccount接口,调用时间是2020-07-08, 2:56:28
服务已启动,启动时间是 2020-07-08, 2:57:06
调用了registerAccount接口,调用时间是2020-07-08, 2:57:08
服务已启动,启动时间是 2020-07-08, 2:57:19
服务已启动,启动时间是 2020-07-08, 2:57:24
服务已启动,启动时间是 2020-07-08, 2:57:30
调用了registerAccount接口,调用时间是2020-07-08, 2:57:48
调用了registerAccount接口,调用时间是2020-07-08, 3:06:45
服务已启动,启动时间是 2020-07-08, 3:07:12
服务已启动,启动时间是 2020-07-08, 3:07:29
调用了registerAccount接口,调用时间是2020-07-08, 3:07:30
服务已启动,启动时间是 2020-07-08, 3:08:20
服务已启动,启动时间是 2020-07-08, 3:08:30
调用了registerAccount接口,调用时间是2020-07-08, 3:08:32
服务已启动,启动时间是 2020-07-08, 3:09:11
调用了registerAccount接口,调用时间是2020-07-08, 3:09:12
服务已启动,启动时间是 2020-07-08, 3:13:57
调用了registerAccount接口,调用时间是2020-07-08, 3:13:58
服务已启动,启动时间是 2020-07-08, 3:15:23
服务已启动,启动时间是 2020-07-08, 3:15:27
调用了registerAccount接口,调用时间是2020-07-08, 3:15:28
服务已启动,启动时间是 2020-07-08, 3:15:47
调用了registerAccount接口,调用时间是2020-07-08, 3:15:49
服务已启动,启动时间是 2020-07-08, 3:16:08
调用了registerAccount接口,调用时间是2020-07-08, 3:16:09
服务已启动,启动时间是 2020-07-08, 3:16:39
服务已启动,启动时间是 2020-07-08, 3:16:41
调用了registerAccount接口,调用时间是2020-07-08, 3:16:42
服务已启动,启动时间是 2020-07-08, 3:17:14
服务已启动,启动时间是 2020-07-08, 3:17:24
调用了registerAccount接口,调用时间是2020-07-08, 3:17:26
服务已启动,启动时间是 2020-07-08, 3:18:02
服务已启动,启动时间是 2020-07-08, 3:18:07
服务已启动,启动时间是 2020-07-08, 3:18:22
调用了registerAccount接口,调用时间是2020-07-08, 3:18:24
服务已启动,启动时间是 2020-07-08, 3:18:48
服务已启动,启动时间是 2020-07-08, 3:21:28
服务已启动,启动时间是 2020-07-08, 3:21:44
服务已启动,启动时间是 2020-07-08, 3:21:45
服务已启动,启动时间是 2020-07-08, 3:22:30
服务已启动,启动时间是 2020-07-08, 3:22:55
调用了registerAccount接口,调用时间是2020-07-08, 3:23:22
服务已启动,启动时间是 2020-07-08, 3:25:54
调用了registerAccount接口,调用时间是2020-07-08, 3:26:12
服务已启动,启动时间是 2020-07-08, 3:27:10
调用了registerAccount接口,调用时间是2020-07-08, 3:27:14
服务已启动,启动时间是 2020-07-08, 3:27:51
调用了registerAccount接口,调用时间是2020-07-08, 3:28:05
调用了registerAccount接口,调用时间是2020-07-08, 3:28:32
调用了registerAccount接口,调用时间是2020-07-08, 3:28:38
服务已启动,启动时间是 2020-07-08, 3:37:29
服务已启动,启动时间是 2020-07-08, 3:37:41
服务已启动,启动时间是 2020-07-08, 3:38:00
服务已启动,启动时间是 2020-07-08, 3:38:24
服务已启动,启动时间是 2020-07-08, 3:38:26
服务已启动,启动时间是 2020-07-08, 3:38:50
服务已启动,启动时间是 2020-07-08, 3:39:16
服务已启动,启动时间是 2020-07-08, 3:39:17
服务已启动,启动时间是 2020-07-08, 3:40:01
服务已启动,启动时间是 2020-07-08, 3:40:15
服务已启动,启动时间是 2020-07-08, 3:40:18
服务已启动,启动时间是 2020-07-08, 3:40:35
服务已启动,启动时间是 2020-07-08, 3:40:45
服务已启动,启动时间是 2020-07-08, 3:40:48
服务已启动,启动时间是 2020-07-08, 3:41:01
服务已启动,启动时间是 2020-07-08, 3:41:09
服务已启动,启动时间是 2020-07-08, 3:41:30
服务已启动,启动时间是 2020-07-08, 3:42:19
服务已启动,启动时间是 2020-07-08, 3:44:33
服务已启动,启动时间是 2020-07-08, 3:44:39
服务已启动,启动时间是 2020-07-08, 3:45:23
服务已启动,启动时间是 2020-07-08, 3:45:44
服务已启动,启动时间是 2020-07-08, 3:46:47
服务已启动,启动时间是 2020-07-08, 3:47:04
调用了queryPasswordByUser接口,调用时间是2020-07-08, 3:49:37
调用了queryPasswordByUser接口,调用时间是2020-07-08, 3:49:41
服务已启动,启动时间是 2020-07-08, 3:50:20
调用了queryPasswordByUser接口,调用时间是2020-07-08, 3:50:27
服务已启动,启动时间是 2020-07-08, 3:50:43
调用了queryPasswordByUser接口,调用时间是2020-07-08, 3:50:46
服务已启动,启动时间是 2020-07-08, 3:51:57
调用了queryPasswordByUser接口,调用时间是2020-07-08, 3:51:59
服务已启动,启动时间是 2020-07-08, 3:52:51
调用了queryPasswordByUser接口,调用时间是2020-07-08, 3:52:53
调用了registerAccount接口,调用时间是2020-07-08, 3:53:42
调用了registerAccount接口,调用时间是2020-07-08, 3:54:10
服务已启动,启动时间是 2020-07-08, 3:55:07
调用了queryPasswordByUser接口,调用时间是2020-07-08, 3:55:22
调用了registerAccount接口,调用时间是2020-07-08, 3:56:55
服务已启动,启动时间是 2020-07-08, 4:00:39
服务已启动,启动时间是 2020-07-08, 4:01:05
服务已启动,启动时间是 2020-07-08, 4:01:29
服务已启动,启动时间是 2020-07-08, 4:01:39
调用了queryPasswordByUser接口,调用时间是2020-07-08, 4:01:54
调用了queryPasswordByUser接口,调用时间是2020-07-08, 4:02:02
服务已启动,启动时间是 2020-07-08, 4:02:28
调用了queryPasswordByUser接口,调用时间是2020-07-08, 4:02:35
服务已启动,启动时间是 2020-07-08, 4:04:04
服务已启动,启动时间是 2020-07-08, 4:04:12
服务已启动,启动时间是 2020-07-08, 4:05:08
服务已启动,启动时间是 2020-07-08, 4:05:29
调用了queryPasswordByUser接口,调用时间是2020-07-08, 4:05:35
服务已启动,启动时间是 2020-07-08, 4:06:27
调用了queryPasswordByUser接口,调用时间是2020-07-08, 4:06:30
服务已启动,启动时间是 2020-07-08, 4:07:11
调用了queryPasswordByUser接口,调用时间是2020-07-08, 4:07:13
服务已启动,启动时间是 2020-07-08, 4:07:24
调用了queryPasswordByUser接口,调用时间是2020-07-08, 4:07:26
服务已启动,启动时间是 2020-07-08, 4:07:42
调用了queryPasswordByUser接口,调用时间是2020-07-08, 4:07:43
服务已启动,启动时间是 2020-07-08, 4:07:53
调用了queryPasswordByUser接口,调用时间是2020-07-08, 4:07:55
调用了queryPasswordByUser接口,调用时间是2020-07-08, 4:08:00
服务已启动,启动时间是 2020-07-08, 4:08:31
调用了queryPasswordByUser接口,调用时间是2020-07-08, 4:08:33
服务已启动,启动时间是 2020-07-08, 4:09:10
调用了queryPasswordByUser接口,调用时间是2020-07-08, 4:09:15
调用了queryPasswordByUser接口,调用时间是2020-07-08, 4:09:22
服务已启动,启动时间是 2020-07-08, 4:10:29
调用了queryPasswordByUser接口,调用时间是2020-07-08, 4:10:35
服务已启动,启动时间是 2020-07-08, 4:11:04
调用了queryPasswordByUser接口,调用时间是2020-07-08, 4:11:07
服务已启动,启动时间是 2020-07-08, 4:11:20
调用了queryPasswordByUser接口,调用时间是2020-07-08, 4:11:22
服务已启动,启动时间是 2020-07-08, 4:11:31
服务已启动,启动时间是 2020-07-08, 4:11:50
服务已启动,启动时间是 2020-07-08, 4:12:04
服务已启动,启动时间是 2020-07-08, 4:12:18
服务已启动,启动时间是 2020-07-08, 4:12:44
服务已启动,启动时间是 2020-07-08, 4:13:01
服务已启动,启动时间是 2020-07-08, 4:13:15
服务已启动,启动时间是 2020-07-08, 4:13:49
服务已启动,启动时间是 2020-07-08, 4:13:51
服务已启动,启动时间是 2020-07-08, 4:14:07
服务已启动,启动时间是 2020-07-08, 4:14:34
服务已启动,启动时间是 2020-07-08, 4:14:40
服务已启动,启动时间是 2020-07-08, 4:15:03
调用了queryPasswordByUser接口,调用时间是2020-07-08, 4:15:53
调用了queryPasswordByUser接口,调用时间是2020-07-08, 4:19:09
调用了queryPasswordByUser接口,调用时间是2020-07-08, 4:19:38
调用了queryPasswordByUser接口,调用时间是2020-07-08, 4:22:07
调用了queryPasswordByUser接口,调用时间是2020-07-08, 4:22:10
调用了queryPasswordByUser接口,调用时间是2020-07-08, 4:22:12
调用了queryPasswordByUser接口,调用时间是2020-07-08, 4:22:13
调用了queryPasswordByUser接口,调用时间是2020-07-08, 4:22:13
调用了queryPasswordByUser接口,调用时间是2020-07-08, 4:22:14
调用了queryPasswordByUser接口,调用时间是2020-07-08, 4:22:14
调用了queryPasswordByUser接口,调用时间是2020-07-08, 4:22:14
调用了queryPasswordByUser接口,调用时间是2020-07-08, 4:22:14
调用了queryPasswordByUser接口,调用时间是2020-07-08, 4:22:15
调用了queryPasswordByUser接口,调用时间是2020-07-08, 4:22:15
调用了queryPasswordByUser接口,调用时间是2020-07-08, 4:27:29
调用了queryPasswordByUser接口,调用时间是2020-07-08, 4:27:33
调用了queryPasswordByUser接口,调用时间是2020-07-08, 4:27:45
调用了queryPasswordByUser接口,调用时间是2020-07-08, 4:27:57
调用了queryPasswordByUser接口,调用时间是2020-07-08, 4:29:30
调用了queryPasswordByUser接口,调用时间是2020-07-08, 4:29:36
调用了queryPasswordByUser接口,调用时间是2020-07-08, 4:29:48
调用了queryPasswordByUser接口,调用时间是2020-07-08, 4:30:25
调用了queryPasswordByUser接口,调用时间是2020-07-08, 4:30:56
调用了queryPasswordByUser接口,调用时间是2020-07-08, 4:31:06
调用了queryPasswordByUser接口,调用时间是2020-07-08, 4:31:09
调用了queryPasswordByUser接口,调用时间是2020-07-08, 4:31:10
调用了queryPasswordByUser接口,调用时间是2020-07-08, 4:31:10
调用了queryPasswordByUser接口,调用时间是2020-07-08, 4:31:11
调用了queryPasswordByUser接口,调用时间是2020-07-08, 4:31:12
调用了queryPasswordByUser接口,调用时间是2020-07-08, 4:31:17
调用了queryPasswordByUser接口,调用时间是2020-07-08, 4:31:19
调用了queryPasswordByUser接口,调用时间是2020-07-08, 4:31:31
调用了queryPasswordByUser接口,调用时间是2020-07-08, 4:31:37
调用了queryPasswordByUser接口,调用时间是2020-07-08, 4:32:00
调用了queryPasswordByUser接口,调用时间是2020-07-08, 4:32:01
调用了queryPasswordByUser接口,调用时间是2020-07-08, 4:32:01
调用了queryPasswordByUser接口,调用时间是2020-07-08, 4:32:02
调用了queryPasswordByUser接口,调用时间是2020-07-08, 4:32:03
调用了queryPasswordByUser接口,调用时间是2020-07-08, 4:32:06
调用了queryPasswordByUser接口,调用时间是2020-07-08, 4:32:16
调用了queryPasswordByUser接口,调用时间是2020-07-08, 4:34:29
调用了queryPasswordByUser接口,调用时间是2020-07-08, 4:35:27
调用了queryPasswordByUser接口,调用时间是2020-07-08, 4:38:29
调用了queryPasswordByUser接口,调用时间是2020-07-08, 4:38:33
调用了queryPasswordByUser接口,调用时间是2020-07-08, 4:39:39
调用了queryPasswordByUser接口,调用时间是2020-07-08, 4:39:47
调用了queryPasswordByUser接口,调用时间是2020-07-08, 4:39:52
调用了queryPasswordByUser接口,调用时间是2020-07-08, 4:40:07
调用了queryPasswordByUser接口,调用时间是2020-07-08, 4:40:09
调用了queryPasswordByUser接口,调用时间是2020-07-08, 4:40:09
调用了queryPasswordByUser接口,调用时间是2020-07-08, 4:40:10
调用了queryPasswordByUser接口,调用时间是2020-07-08, 4:40:10
调用了queryPasswordByUser接口,调用时间是2020-07-08, 4:40:10
调用了queryPasswordByUser接口,调用时间是2020-07-08, 4:40:10
调用了queryPasswordByUser接口,调用时间是2020-07-08, 4:40:11
调用了queryPasswordByUser接口,调用时间是2020-07-08, 4:40:11
调用了queryPasswordByUser接口,调用时间是2020-07-08, 4:40:11
调用了queryPasswordByUser接口,调用时间是2020-07-08, 4:40:11
调用了queryPasswordByUser接口,调用时间是2020-07-08, 4:40:11
调用了queryPasswordByUser接口,调用时间是2020-07-08, 4:40:12
调用了queryPasswordByUser接口,调用时间是2020-07-08, 4:40:12
调用了queryPasswordByUser接口,调用时间是2020-07-08, 4:40:12
调用了queryPasswordByUser接口,调用时间是2020-07-08, 4:40:12
调用了queryPasswordByUser接口,调用时间是2020-07-08, 4:40:18
调用了queryPasswordByUser接口,调用时间是2020-07-08, 4:40:19
调用了queryPasswordByUser接口,调用时间是2020-07-08, 5:15:26
调用了queryPasswordByUser接口,调用时间是2020-07-08, 5:15:38
调用了queryPasswordByUser接口,调用时间是2020-07-08, 5:15:45
